#
# There is insufficient memory for the Java Runtime Environment to continue.
# Native memory allocation (malloc) failed to allocate 1072336 bytes for Chunk::new
# Possible reasons:
#   The system is out of physical RAM or swap space
#   The process is running with CompressedOops enabled, and the Java Heap may be blocking the growth of the native heap
# Possible solutions:
#   Reduce memory load on the system
#   Increase physical memory or swap space
#   Check if swap backing store is full
#   Decrease Java heap size (-Xmx/-Xms)
#   Decrease number of Java threads
#   Decrease Java thread stack sizes (-Xss)
#   Set larger code cache with -XX:ReservedCodeCacheSize=
#   JVM is running with Unscaled Compressed Oops mode in which the Java heap is
#     placed in the first 4GB address space. The Java Heap base address is the
#     maximum limit for the native heap growth. Please use -XX:HeapBaseMinAddress
#     to set the Java Heap base and to place the Java Heap above 4GB virtual address.
# This output file may be truncated or incomplete.
#
#  Out of Memory Error (allocation.cpp:389), pid=13352, tid=0x0000000000003df8
#
# JRE version: OpenJDK Runtime Environment (8.0_202-b03) (build 1.8.0_202-release-1483-b03)
# Java VM: OpenJDK 64-Bit Server VM (25.202-b03 mixed mode windows-amd64 compressed oops)
# Failed to write core dump. Minidumps are not enabled by default on client versions of Windows
#

---------------  T H R E A D  ---------------

Current thread (0x0000000016ff8000):  JavaThread "C2 CompilerThread2" daemon [_thread_in_native, id=15864, stack(0x00000000198c0000,0x00000000199c0000)]

Stack: [0x00000000198c0000,0x00000000199c0000]
[error occurred during error reporting (printing stack bounds), id 0xc0000005]

Native frames: (J=compiled Java code, j=interpreted, Vv=VM code, C=native code)


Current CompileTask:
C2: 110626 8813       4       java.io.ObjectOutputStream::writeClassDesc (60 bytes)


---------------  P R O C E S S  ---------------

Java Threads: ( => current thread )
  0x0000000020afe000 JavaThread "Cache worker for execution history cache (D:\project\p10\.gradle\5.4.1\executionHistory)" [_thread_blocked, id=11476, stack(0x0000000027300000,0x0000000027400000)]
  0x0000000020b00000 JavaThread "Execution worker for ':' Thread 7" [_thread_in_native, id=11092, stack(0x0000000027000000,0x0000000027100000)]
  0x000000001a8f6000 JavaThread "Execution worker for ':' Thread 6" [_thread_blocked, id=16316, stack(0x0000000026d00000,0x0000000026e00000)]
  0x0000000020662800 JavaThread "Execution worker for ':' Thread 5" [_thread_blocked, id=11340, stack(0x0000000026c00000,0x0000000026d00000)]
  0x0000000020662000 JavaThread "Execution worker for ':' Thread 4" [_thread_blocked, id=7544, stack(0x0000000026b00000,0x0000000026c00000)]
  0x0000000020661000 JavaThread "Execution worker for ':' Thread 3" [_thread_in_native, id=8332, stack(0x0000000026a00000,0x0000000026b00000)]
  0x0000000020660800 JavaThread "Execution worker for ':' Thread 2" [_thread_blocked, id=15296, stack(0x0000000026900000,0x0000000026a00000)]
  0x0000000020667000 JavaThread "Execution worker for ':'" [_thread_in_native, id=1940, stack(0x0000000026800000,0x0000000026900000)]
  0x0000000020666800 JavaThread "Cache worker for file content cache (D:\project\p10\.gradle\5.4.1\fileContent)" [_thread_blocked, id=8496, stack(0x00000000252f0000,0x00000000253f0000)]
  0x0000000020664000 JavaThread "Cache worker for file content cache (C:\Users\Adithya Sai\.gradle\caches\5.4.1\fileContent)" [_thread_blocked, id=11468, stack(0x0000000023db0000,0x0000000023eb0000)]
  0x0000000020663800 JavaThread "Cache worker for Build Output Cleanup Cache (D:\project\p10\.gradle\buildOutputCleanup)" [_thread_blocked, id=5188, stack(0x0000000023cb0000,0x0000000023db0000)]
  0x0000000020665800 JavaThread "pool-2-thread-1" [_thread_blocked, id=15780, stack(0x0000000023010000,0x0000000023110000)]
  0x000000001b85c000 JavaThread "Build operations Thread 8" [_thread_blocked, id=14360, stack(0x0000000022d10000,0x0000000022e10000)]
  0x000000001b85a800 JavaThread "Build operations Thread 7" [_thread_blocked, id=9752, stack(0x0000000022810000,0x0000000022910000)]
  0x000000001b85a000 JavaThread "Build operations Thread 6" [_thread_blocked, id=13868, stack(0x0000000022710000,0x0000000022810000)]
  0x000000001b859000 JavaThread "Build operations Thread 5" [_thread_blocked, id=11588, stack(0x0000000022610000,0x0000000022710000)]
  0x000000001b858800 JavaThread "Build operations Thread 4" [_thread_blocked, id=2916, stack(0x0000000022510000,0x0000000022610000)]
  0x000000001b85d800 JavaThread "Build operations Thread 3" [_thread_blocked, id=15112, stack(0x0000000022410000,0x0000000022510000)]
  0x000000001b857800 JavaThread "Build operations Thread 2" [_thread_blocked, id=8140, stack(0x0000000022310000,0x0000000022410000)]
  0x000000001b850000 JavaThread "Build operations" [_thread_blocked, id=12620, stack(0x0000000022210000,0x0000000022310000)]
  0x000000001b857000 JavaThread "Cache worker for cache directory md-rule (C:\Users\Adithya Sai\.gradle\caches\5.4.1\md-rule)" [_thread_blocked, id=8172, stack(0x0000000022110000,0x0000000022210000)]
  0x000000001b853000 JavaThread "Cache worker for cache directory md-supplier (C:\Users\Adithya Sai\.gradle\caches\5.4.1\md-supplier)" [_thread_blocked, id=11592, stack(0x00000000201c0000,0x00000000202c0000)]
  0x000000001b850800 JavaThread "Cache worker for file hash cache (D:\project\p10\.gradle\5.4.1\fileHashes)" [_thread_blocked, id=15956, stack(0x000000001d5e0000,0x000000001d6e0000)]
  0x000000001b854000 JavaThread "Thread-38" [_thread_blocked, id=11816, stack(0x000000001d1e0000,0x000000001d2e0000)]
  0x000000001b852000 JavaThread "Stdin handler" [_thread_blocked, id=11580, stack(0x000000001cee0000,0x000000001cfe0000)]
  0x000000001b84f000 JavaThread "Asynchronous log dispatcher for DefaultDaemonConnection: socket connection from /127.0.0.1:50504 to /127.0.0.1:50524" [_thread_in_native, id=3732, stack(0x0000000001570000,0x0000000001670000)]
  0x000000001b856000 JavaThread "Cancel handler" [_thread_blocked, id=11392, stack(0x0000000001430000,0x0000000001530000)]
  0x000000001b855800 JavaThread "Handler for socket connection from /127.0.0.1:50504 to /127.0.0.1:50524" [_thread_in_native, id=5628, stack(0x0000000001220000,0x0000000001320000)]
  0x000000001b851800 JavaThread "Memory manager" [_thread_blocked, id=12376, stack(0x0000000024090000,0x0000000024190000)]
  0x0000000020665000 JavaThread "Cache worker for execution history cache (C:\Users\Adithya Sai\.gradle\caches\5.4.1\executionHistory)" [_thread_blocked, id=16924, stack(0x0000000021920000,0x0000000021a20000)]
  0x000000001a8f1800 JavaThread "Cache worker for journal cache (C:\Users\Adithya Sai\.gradle\caches\journal-1)" [_thread_blocked, id=15948, stack(0x000000001d8e0000,0x000000001d9e0000)]
  0x000000001a8f5000 JavaThread "File lock request listener" [_thread_in_native, id=532, stack(0x000000001d7e0000,0x000000001d8e0000)]
  0x000000001a8f2000 JavaThread "Cache worker for file hash cache (C:\Users\Adithya Sai\.gradle\caches\5.4.1\fileHashes)" [_thread_blocked, id=3868, stack(0x000000001d6e0000,0x000000001d7e0000)]
  0x000000001b064800 JavaThread "Daemon worker" [_thread_blocked, id=12012, stack(0x000000001d2e0000,0x000000001d3e0000)]
  0x000000001918a800 JavaThread "Daemon" [_thread_blocked, id=16740, stack(0x000000001cde0000,0x000000001cee0000)]
  0x000000001a164000 JavaThread "Daemon periodic checks" [_thread_blocked, id=12936, stack(0x000000001cce0000,0x000000001cde0000)]
  0x000000001b0f0800 JavaThread "Incoming local TCP Connector on port 50504" [_thread_in_native, id=15524, stack(0x000000001caa0000,0x000000001cba0000)]
  0x000000001ab8c000 JavaThread "Daemon health stats" [_thread_blocked, id=17256, stack(0x000000001c460000,0x000000001c560000)]
  0x0000000018e6a000 JavaThread "Service Thread" daemon [_thread_blocked, id=920, stack(0x0000000019ac0000,0x0000000019bc0000)]
  0x0000000018df9000 JavaThread "C1 CompilerThread3" daemon [_thread_blocked, id=7240, stack(0x00000000199c0000,0x0000000019ac0000)]
=>0x0000000016ff8000 JavaThread "C2 CompilerThread2" daemon [_thread_in_native, id=15864, stack(0x00000000198c0000,0x00000000199c0000)]
  0x0000000018df5000 JavaThread "C2 CompilerThread1" daemon [_thread_in_native, id=2608, stack(0x00000000197c0000,0x00000000198c0000)]
  0x0000000018df1800 JavaThread "C2 CompilerThread0" daemon [_thread_in_native, id=14000, stack(0x00000000196c0000,0x00000000197c0000)]
  0x0000000018dec800 JavaThread "Attach Listener" daemon [_thread_blocked, id=16368, stack(0x00000000195c0000,0x00000000196c0000)]
  0x0000000018de9000 JavaThread "Signal Dispatcher" daemon [_thread_blocked, id=5940, stack(0x00000000194c0000,0x00000000195c0000)]
  0x000000000322d800 JavaThread "Finalizer" daemon [_thread_blocked, id=2392, stack(0x00000000192c0000,0x00000000193c0000)]
  0x0000000003224000 JavaThread "Reference Handler" daemon [_thread_blocked, id=15540, stack(0x00000000191c0000,0x00000000192c0000)]
  0x000000000312d800 JavaThread "main" [_thread_blocked, id=9160, stack(0x0000000003000000,0x0000000003100000)]

Other Threads:
  0x0000000016fe9000 VMThread [stack: 0x0000000018cc0000,0x0000000018dc0000] [id=2624]
  0x0000000018e6a800 WatcherThread [stack: 0x0000000019bc0000,0x0000000019cc0000] [id=11800]

VM state:not at safepoint (normal execution)

VM Mutex/Monitor currently owned by a thread: None

heap address: 0x00000000a0000000, size: 1536 MB, Compressed Oops mode: 32-bit
Narrow klass base: 0x0000000000000000, Narrow klass shift: 3
Compressed class space size: 1073741824 Address: 0x0000000100000000

Heap:
 PSYoungGen      total 233472K, used 115545K [0x00000000e0000000, 0x00000000f2780000, 0x0000000100000000)
  eden space 215040K, 45% used [0x00000000e0000000,0x00000000e5ed9550,0x00000000ed200000)
  from space 18432K, 99% used [0x00000000ed200000,0x00000000ee3fcfe8,0x00000000ee400000)
  to   space 20992K, 0% used [0x00000000f1300000,0x00000000f1300000,0x00000000f2780000)
 ParOldGen       total 84992K, used 38483K [0x00000000a0000000, 0x00000000a5300000, 0x00000000e0000000)
  object space 84992K, 45% used [0x00000000a0000000,0x00000000a2594f60,0x00000000a5300000)
 Metaspace       used 64324K, capacity 66602K, committed 66816K, reserved 1107968K
  class space    used 8464K, capacity 8933K, committed 8960K, reserved 1048576K

Card table byte_map: [0x00000000125f0000,0x0000000012900000] byte_map_base: 0x00000000120f0000

Marking Bits: (ParMarkBitMap*) 0x0000000061779f30
 Begin Bits: [0x0000000013300000, 0x0000000014b00000)
 End Bits:   [0x0000000014b00000, 0x0000000016300000)

Polling page: 0x00000000016c0000

CodeCache: size=245760Kb used=25086Kb max_used=25104Kb free=220673Kb
 bounds [0x0000000003230000, 0x0000000004af0000, 0x0000000012230000]
 total_blobs=8608 nmethods=7816 adapters=705
 compilation: enabled

Compilation events (10 events):
Event: 110.430 Thread 0x0000000018df9000 8832       3       org.gradle.internal.fingerprint.impl.RelativePathFingerprintingStrategy$1::visit (62 bytes)
Event: 110.431 Thread 0x0000000018df9000 nmethod 8832 0x0000000003f38dd0 code [0x0000000003f38fe0, 0x0000000003f39ad8]
Event: 110.432 Thread 0x0000000018df9000 8837       3       org.gradle.internal.fingerprint.impl.RelativePathFingerprintingStrategy$1::createFingerprint (43 bytes)
Event: 110.433 Thread 0x0000000018df9000 nmethod 8837 0x0000000003c1aa10 code [0x0000000003c1ac60, 0x0000000003c1ba18]
Event: 110.433 Thread 0x0000000018df9000 8839       3       org.gradle.internal.fingerprint.impl.RelativePathFingerprintingStrategy$1::postVisitDirectory (8 bytes)
Event: 110.434 Thread 0x0000000018df9000 nmethod 8839 0x0000000003f38690 code [0x0000000003f38820, 0x0000000003f38bb8]
Event: 110.434 Thread 0x0000000018df9000 8838       3       org.gradle.internal.fingerprint.impl.RelativePathFingerprintingStrategy$1::preVisitDirectory (82 bytes)
Event: 110.436 Thread 0x0000000018df9000 nmethod 8838 0x0000000003d95a10 code [0x0000000003d95c60, 0x0000000003d96b18]
Event: 110.577 Thread 0x0000000018df9000 8840       3       java.io.ObjectOutputStream::writeInt (9 bytes)
Event: 110.577 Thread 0x0000000018df9000 nmethod 8840 0x0000000003c1a550 code [0x0000000003c1a6c0, 0x0000000003c1a868]

GC Heap History (10 events):
Event: 32.827 GC heap before
{Heap before GC invocations=12 (full 2):
 PSYoungGen      total 171520K, used 6247K [0x00000000e0000000, 0x00000000ec600000, 0x0000000100000000)
  eden space 158720K, 0% used [0x00000000e0000000,0x00000000e0000000,0x00000000e9b00000)
  from space 12800K, 48% used [0x00000000ea700000,0x00000000ead19d58,0x00000000eb380000)
  to   space 12288K, 0% used [0x00000000e9b00000,0x00000000e9b00000,0x00000000ea700000)
 ParOldGen       total 35328K, used 17736K [0x00000000a0000000, 0x00000000a2280000, 0x00000000e0000000)
  object space 35328K, 50% used [0x00000000a0000000,0x00000000a1152308,0x00000000a2280000)
 Metaspace       used 34713K, capacity 35402K, committed 35456K, reserved 1079296K
  class space    used 4762K, capacity 4948K, committed 4992K, reserved 1048576K
Event: 33.036 GC heap after
Heap after GC invocations=12 (full 2):
 PSYoungGen      total 171520K, used 0K [0x00000000e0000000, 0x00000000ec600000, 0x0000000100000000)
  eden space 158720K, 0% used [0x00000000e0000000,0x00000000e0000000,0x00000000e9b00000)
  from space 12800K, 0% used [0x00000000ea700000,0x00000000ea700000,0x00000000eb380000)
  to   space 12288K, 0% used [0x00000000e9b00000,0x00000000e9b00000,0x00000000ea700000)
 ParOldGen       total 48128K, used 16007K [0x00000000a0000000, 0x00000000a2f00000, 0x00000000e0000000)
  object space 48128K, 33% used [0x00000000a0000000,0x00000000a0fa1d78,0x00000000a2f00000)
 Metaspace       used 34687K, capacity 35312K, committed 35456K, reserved 1079296K
  class space    used 4753K, capacity 4933K, committed 4992K, reserved 1048576K
}
Event: 38.349 GC heap before
{Heap before GC invocations=13 (full 2):
 PSYoungGen      total 171520K, used 158720K [0x00000000e0000000, 0x00000000ec600000, 0x0000000100000000)
  eden space 158720K, 100% used [0x00000000e0000000,0x00000000e9b00000,0x00000000e9b00000)
  from space 12800K, 0% used [0x00000000ea700000,0x00000000ea700000,0x00000000eb380000)
  to   space 12288K, 0% used [0x00000000e9b00000,0x00000000e9b00000,0x00000000ea700000)
 ParOldGen       total 48128K, used 16007K [0x00000000a0000000, 0x00000000a2f00000, 0x00000000e0000000)
  object space 48128K, 33% used [0x00000000a0000000,0x00000000a0fa1d78,0x00000000a2f00000)
 Metaspace       used 48587K, capacity 49790K, committed 49920K, reserved 1091584K
  class space    used 6564K, capacity 6890K, committed 6912K, reserved 1048576K
Event: 38.393 GC heap after
Heap after GC invocations=13 (full 2):
 PSYoungGen      total 171008K, used 12284K [0x00000000e0000000, 0x00000000ef600000, 0x0000000100000000)
  eden space 158720K, 0% used [0x00000000e0000000,0x00000000e0000000,0x00000000e9b00000)
  from space 12288K, 99% used [0x00000000e9b00000,0x00000000ea6ff298,0x00000000ea700000)
  to   space 16384K, 0% used [0x00000000ee600000,0x00000000ee600000,0x00000000ef600000)
 ParOldGen       total 48128K, used 22831K [0x00000000a0000000, 0x00000000a2f00000, 0x00000000e0000000)
  object space 48128K, 47% used [0x00000000a0000000,0x00000000a164bc20,0x00000000a2f00000)
 Metaspace       used 48587K, capacity 49790K, committed 49920K, reserved 1091584K
  class space    used 6564K, capacity 6890K, committed 6912K, reserved 1048576K
}
Event: 43.488 GC heap before
{Heap before GC invocations=14 (full 2):
 PSYoungGen      total 171008K, used 150816K [0x00000000e0000000, 0x00000000ef600000, 0x0000000100000000)
  eden space 158720K, 87% used [0x00000000e0000000,0x00000000e8748fe0,0x00000000e9b00000)
  from space 12288K, 99% used [0x00000000e9b00000,0x00000000ea6ff298,0x00000000ea700000)
  to   space 16384K, 0% used [0x00000000ee600000,0x00000000ee600000,0x00000000ef600000)
 ParOldGen       total 48128K, used 22831K [0x00000000a0000000, 0x00000000a2f00000, 0x00000000e0000000)
  object space 48128K, 47% used [0x00000000a0000000,0x00000000a164bc20,0x00000000a2f00000)
 Metaspace       used 57337K, capacity 59002K, committed 59096K, reserved 1099776K
  class space    used 7778K, capacity 8169K, committed 8192K, reserved 1048576K
Event: 43.525 GC heap after
Heap after GC invocations=14 (full 2):
 PSYoungGen      total 231424K, used 14337K [0x00000000e0000000, 0x00000000ef600000, 0x0000000100000000)
  eden space 215040K, 0% used [0x00000000e0000000,0x00000000e0000000,0x00000000ed200000)
  from space 16384K, 87% used [0x00000000ee600000,0x00000000ef400418,0x00000000ef600000)
  to   space 18432K, 0% used [0x00000000ed200000,0x00000000ed200000,0x00000000ee400000)
 ParOldGen       total 48128K, used 32323K [0x00000000a0000000, 0x00000000a2f00000, 0x00000000e0000000)
  object space 48128K, 67% used [0x00000000a0000000,0x00000000a1f90ca8,0x00000000a2f00000)
 Metaspace       used 57337K, capacity 59002K, committed 59096K, reserved 1099776K
  class space    used 7778K, capacity 8169K, committed 8192K, reserved 1048576K
}
Event: 43.525 GC heap before
{Heap before GC invocations=15 (full 3):
 PSYoungGen      total 231424K, used 14337K [0x00000000e0000000, 0x00000000ef600000, 0x0000000100000000)
  eden space 215040K, 0% used [0x00000000e0000000,0x00000000e0000000,0x00000000ed200000)
  from space 16384K, 87% used [0x00000000ee600000,0x00000000ef400418,0x00000000ef600000)
  to   space 18432K, 0% used [0x00000000ed200000,0x00000000ed200000,0x00000000ee400000)
 ParOldGen       total 48128K, used 32323K [0x00000000a0000000, 0x00000000a2f00000, 0x00000000e0000000)
  object space 48128K, 67% used [0x00000000a0000000,0x00000000a1f90ca8,0x00000000a2f00000)
 Metaspace       used 57337K, capacity 59002K, committed 59096K, reserved 1099776K
  class space    used 7778K, capacity 8169K, committed 8192K, reserved 1048576K
Event: 44.073 GC heap after
Heap after GC invocations=15 (full 3):
 PSYoungGen      total 231424K, used 0K [0x00000000e0000000, 0x00000000ef600000, 0x0000000100000000)
  eden space 215040K, 0% used [0x00000000e0000000,0x00000000e0000000,0x00000000ed200000)
  from space 16384K, 0% used [0x00000000ee600000,0x00000000ee600000,0x00000000ef600000)
  to   space 18432K, 0% used [0x00000000ed200000,0x00000000ed200000,0x00000000ee400000)
 ParOldGen       total 84992K, used 38334K [0x00000000a0000000, 0x00000000a5300000, 0x00000000e0000000)
  object space 84992K, 45% used [0x00000000a0000000,0x00000000a256fb70,0x00000000a5300000)
 Metaspace       used 57270K, capacity 58828K, committed 59096K, reserved 1099776K
  class space    used 7760K, capacity 8136K, committed 8192K, reserved 1048576K
}
Event: 107.118 GC heap before
{Heap before GC invocations=16 (full 3):
 PSYoungGen      total 231424K, used 215040K [0x00000000e0000000, 0x00000000ef600000, 0x0000000100000000)
  eden space 215040K, 100% used [0x00000000e0000000,0x00000000ed200000,0x00000000ed200000)
  from space 16384K, 0% used [0x00000000ee600000,0x00000000ee600000,0x00000000ef600000)
  to   space 18432K, 0% used [0x00000000ed200000,0x00000000ed200000,0x00000000ee400000)
 ParOldGen       total 84992K, used 38334K [0x00000000a0000000, 0x00000000a5300000, 0x00000000e0000000)
  object space 84992K, 45% used [0x00000000a0000000,0x00000000a256fb70,0x00000000a5300000)
 Metaspace       used 64027K, capacity 66228K, committed 66304K, reserved 1105920K
  class space    used 8435K, capacity 8928K, committed 8960K, reserved 1048576K
Event: 107.301 GC heap after
Heap after GC invocations=16 (full 3):
 PSYoungGen      total 233472K, used 18419K [0x00000000e0000000, 0x00000000f2780000, 0x0000000100000000)
  eden space 215040K, 0% used [0x00000000e0000000,0x00000000e0000000,0x00000000ed200000)
  from space 18432K, 99% used [0x00000000ed200000,0x00000000ee3fcfe8,0x00000000ee400000)
  to   space 20992K, 0% used [0x00000000f1300000,0x00000000f1300000,0x00000000f2780000)
 ParOldGen       total 84992K, used 38483K [0x00000000a0000000, 0x00000000a5300000, 0x00000000e0000000)
  object space 84992K, 45% used [0x00000000a0000000,0x00000000a2594f60,0x00000000a5300000)
 Metaspace       used 64027K, capacity 66228K, committed 66304K, reserved 1105920K
  class space    used 8435K, capacity 8928K, committed 8960K, reserved 1048576K
}

Deoptimization events (10 events):
Event: 107.305 Thread 0x0000000003224000 Uncommon trap: reason=unstable_if action=reinterpret pc=0x000000000369ac78 method=java.lang.ref.Reference.tryHandlePending(Z)Z @ 20
Event: 107.311 Thread 0x0000000020661000 Uncommon trap: reason=unstable_if action=reinterpret pc=0x00000000046289f4 method=com.google.common.collect.MapMakerInternalMap$Segment.getEntry(Ljava/lang/Object;I)Lcom/google/common/collect/MapMakerInternalMap$InternalEntry; @ 40
Event: 107.581 Thread 0x000000001b064800 Uncommon trap: reason=unstable_if action=reinterpret pc=0x000000000461e6d0 method=java.util.concurrent.ConcurrentLinkedQueue.offer(Ljava/lang/Object;)Z @ 40
Event: 107.779 Thread 0x000000001a8f6000 Uncommon trap: reason=unstable_if action=reinterpret pc=0x0000000003de9af0 method=java.util.concurrent.ConcurrentLinkedQueue.updateHead(Ljava/util/concurrent/ConcurrentLinkedQueue$Node;Ljava/util/concurrent/ConcurrentLinkedQueue$Node;)V @ 11
Event: 107.913 Thread 0x000000001a8f6000 Uncommon trap: reason=unstable_if action=reinterpret pc=0x0000000003823d10 method=java.util.concurrent.ConcurrentLinkedQueue.offer(Ljava/lang/Object;)Z @ 40
Event: 109.181 Thread 0x0000000020661000 Uncommon trap: reason=unstable_if action=reinterpret pc=0x0000000003821554 method=java.util.concurrent.locks.AbstractQueuedSynchronizer$ConditionObject.doSignal(Ljava/util/concurrent/locks/AbstractQueuedSynchronizer$Node;)V @ 9
Event: 109.999 Thread 0x0000000020b00000 Uncommon trap: reason=bimorphic action=maybe_recompile pc=0x0000000004a9fd04 method=org.gradle.internal.snapshot.DirectorySnapshot.accept(Lorg/gradle/internal/snapshot/FileSystemSnapshotVisitor;)V @ 52
Event: 109.999 Thread 0x0000000020b00000 Uncommon trap: reason=bimorphic action=maybe_recompile pc=0x0000000004a9ffdc method=org.gradle.internal.snapshot.DirectorySnapshot.accept(Lorg/gradle/internal/snapshot/FileSystemSnapshotVisitor;)V @ 52
Event: 110.424 Thread 0x0000000020b00000 Uncommon trap: reason=bimorphic action=maybe_recompile pc=0x0000000004a9fd04 method=org.gradle.internal.snapshot.DirectorySnapshot.accept(Lorg/gradle/internal/snapshot/FileSystemSnapshotVisitor;)V @ 52
Event: 110.425 Thread 0x0000000020b00000 Uncommon trap: reason=bimorphic action=maybe_recompile pc=0x0000000004a9fd04 method=org.gradle.internal.snapshot.DirectorySnapshot.accept(Lorg/gradle/internal/snapshot/FileSystemSnapshotVisitor;)V @ 52

Classes redefined (0 events):
No events

Internal exceptions (10 events):
Event: 105.566 Thread 0x000000001b064800 Exception <a 'java/lang/ClassNotFoundException': com/android/build/gradle/internal/tasks/IncrementalTaskBeanInfo> (0x00000000ea9cb8f8) thrown at [D:\src\AOSP-openjdk-cygwin\jdk8u\hotspot\src\share\vm\classfile\systemDictionary.cpp, line 210]
Event: 105.569 Thread 0x000000001b064800 Exception <a 'java/lang/ClassNotFoundException': com/android/build/gradle/internal/tasks/AndroidVariantTaskBeanInfo> (0x00000000ea9e72a0) thrown at [D:\src\AOSP-openjdk-cygwin\jdk8u\hotspot\src\share\vm\classfile\systemDictionary.cpp, line 210]
Event: 105.574 Thread 0x000000001b064800 Exception <a 'java/lang/ClassNotFoundException': com/android/build/gradle/internal/tasks/AndroidVariantTaskCustomizer> (0x00000000eaa03b98) thrown at [D:\src\AOSP-openjdk-cygwin\jdk8u\hotspot\src\share\vm\classfile\systemDictionary.cpp, line 210]
Event: 105.580 Thread 0x000000001b064800 Exception <a 'java/lang/ClassNotFoundException': com/android/build/gradle/internal/tasks/IncrementalTaskCustomizer> (0x00000000eaa2fcc0) thrown at [D:\src\AOSP-openjdk-cygwin\jdk8u\hotspot\src\share\vm\classfile\systemDictionary.cpp, line 210]
Event: 105.584 Thread 0x000000001b064800 Exception <a 'java/lang/ClassNotFoundException': com/android/build/gradle/tasks/ResourceAwareTaskCustomizer> (0x00000000eaa5b680) thrown at [D:\src\AOSP-openjdk-cygwin\jdk8u\hotspot\src\share\vm\classfile\systemDictionary.cpp, line 210]
Event: 105.593 Thread 0x000000001b064800 Exception <a 'java/lang/ClassNotFoundException': com/android/build/gradle/tasks/MergeResourcesCustomizer> (0x00000000eaa941b8) thrown at [D:\src\AOSP-openjdk-cygwin\jdk8u\hotspot\src\share\vm\classfile\systemDictionary.cpp, line 210]
Event: 105.602 Thread 0x000000001b064800 Exception <a 'java/lang/ClassNotFoundException': com/android/build/gradle/tasks/MergeResources_DecoratedCustomizer> (0x00000000eaae0d00) thrown at [D:\src\AOSP-openjdk-cygwin\jdk8u\hotspot\src\share\vm\classfile\systemDictionary.cpp, line 210]
Event: 106.326 Thread 0x0000000020660800 Implicit null exception at 0x00000000046ad7c3 to 0x00000000046adba4
Event: 106.326 Thread 0x0000000020660800 Implicit null exception at 0x00000000046212c0 to 0x00000000046215ac
Event: 107.311 Thread 0x0000000020661000 Implicit null exception at 0x0000000004626884 to 0x00000000046289cd

Events (10 events):
Event: 109.999 Thread 0x0000000020b00000 DEOPT PACKING pc=0x0000000004a9ffdc sp=0x00000000270fdad0
Event: 109.999 Thread 0x0000000020b00000 DEOPT UNPACKING pc=0x000000000327557b sp=0x00000000270fdab0 mode 2
Event: 110.001 Executing VM operation: RevokeBias
Event: 110.001 Executing VM operation: RevokeBias done
Event: 110.424 Thread 0x0000000020b00000 Uncommon trap: trap_request=0xffffffc6 fr.pc=0x0000000004a9fd04
Event: 110.424 Thread 0x0000000020b00000 DEOPT PACKING pc=0x0000000004a9fd04 sp=0x00000000270fdad0
Event: 110.424 Thread 0x0000000020b00000 DEOPT UNPACKING pc=0x000000000327557b sp=0x00000000270fda40 mode 2
Event: 110.425 Thread 0x0000000020b00000 Uncommon trap: trap_request=0xffffffc6 fr.pc=0x0000000004a9fd04
Event: 110.425 Thread 0x0000000020b00000 DEOPT PACKING pc=0x0000000004a9fd04 sp=0x00000000270fdad0
Event: 110.425 Thread 0x0000000020b00000 DEOPT UNPACKING pc=0x000000000327557b sp=0x00000000270fda40 mode 2


Dynamic libraries:
0x00007ff639fe0000 - 0x00007ff63a011000 	D:\android studio\jre\bin\java.exe
0x00007ffd6de00000 - 0x00007ffd6dff0000 	C:\windows\SYSTEM32\ntdll.dll
0x00007ffd6beb0000 - 0x00007ffd6bf62000 	C:\windows\System32\KERNEL32.DLL
0x00007ffd6b040000 - 0x00007ffd6b2e3000 	C:\windows\System32\KERNELBASE.dll
0x00007ffd6c7d0000 - 0x00007ffd6c873000 	C:\windows\System32\ADVAPI32.dll
0x00007ffd6cab0000 - 0x00007ffd6cb4e000 	C:\windows\System32\msvcrt.dll
0x00007ffd6c2b0000 - 0x00007ffd6c347000 	C:\windows\System32\sechost.dll
0x00007ffd6c420000 - 0x00007ffd6c540000 	C:\windows\System32\RPCRT4.dll
0x00007ffd6d730000 - 0x00007ffd6d8c4000 	C:\windows\System32\USER32.dll
0x00007ffd6be80000 - 0x00007ffd6bea1000 	C:\windows\System32\win32u.dll
0x00007ffd6c680000 - 0x00007ffd6c6a6000 	C:\windows\System32\GDI32.dll
0x00007ffd6b490000 - 0x00007ffd6b624000 	C:\windows\System32\gdi32full.dll
0x00007ffd6b3f0000 - 0x00007ffd6b48e000 	C:\windows\System32\msvcp_win.dll
0x00007ffd6b2f0000 - 0x00007ffd6b3ea000 	C:\windows\System32\ucrtbase.dll
0x00007ffd54140000 - 0x00007ffd543c5000 	C:\windows\WinSxS\amd64_microsoft.windows.common-controls_6595b64144ccf1df_6.0.18362.693_none_e6c1b3c11311d480\COMCTL32.dll
0x00007ffd6cb50000 - 0x00007ffd6ce86000 	C:\windows\System32\combase.dll
0x00007ffd6b630000 - 0x00007ffd6b6b0000 	C:\windows\System32\bcryptPrimitives.dll
0x00007ffd6c280000 - 0x00007ffd6c2ae000 	C:\windows\System32\IMM32.DLL
0x0000000060aa0000 - 0x0000000060b72000 	D:\android studio\jre\jre\bin\msvcr100.dll
0x0000000060fb0000 - 0x00000000617f6000 	D:\android studio\jre\jre\bin\server\jvm.dll
0x00007ffd6ce90000 - 0x00007ffd6ce98000 	C:\windows\System32\PSAPI.DLL
0x00007ffd64220000 - 0x00007ffd6422a000 	C:\windows\SYSTEM32\VERSION.dll
0x00007ffd689c0000 - 0x00007ffd689e4000 	C:\windows\SYSTEM32\WINMM.dll
0x00007ffd68990000 - 0x00007ffd689bd000 	C:\windows\SYSTEM32\WINMMBASE.dll
0x00007ffd6b6b0000 - 0x00007ffd6b6fa000 	C:\windows\System32\cfgmgr32.dll
0x00007ffd49e60000 - 0x00007ffd49e69000 	C:\windows\SYSTEM32\WSOCK32.dll
0x00007ffd6c540000 - 0x00007ffd6c5af000 	C:\windows\System32\WS2_32.dll
0x00007ffd49d90000 - 0x00007ffd49d9f000 	D:\android studio\jre\jre\bin\verify.dll
0x00007ffd394e0000 - 0x00007ffd39509000 	D:\android studio\jre\jre\bin\java.dll
0x00007ffd397c0000 - 0x00007ffd397d6000 	D:\android studio\jre\jre\bin\zip.dll
0x00007ffd6cf90000 - 0x00007ffd6d676000 	C:\windows\System32\SHELL32.dll
0x00007ffd6c720000 - 0x00007ffd6c7c9000 	C:\windows\System32\shcore.dll
0x00007ffd6b700000 - 0x00007ffd6be80000 	C:\windows\System32\windows.storage.dll
0x00007ffd6ad60000 - 0x00007ffd6ad89000 	C:\windows\System32\Wldp.dll
0x00007ffd6adc0000 - 0x00007ffd6af09000 	C:\windows\System32\CRYPT32.dll
0x00007ffd6aca0000 - 0x00007ffd6acb2000 	C:\windows\System32\MSASN1.dll
0x00007ffd6af10000 - 0x00007ffd6af6c000 	C:\windows\System32\WINTRUST.dll
0x00007ffd6ad30000 - 0x00007ffd6ad53000 	C:\windows\System32\profapi.dll
0x00007ffd6ace0000 - 0x00007ffd6ad2a000 	C:\windows\System32\powrprof.dll
0x00007ffd6ac90000 - 0x00007ffd6aca0000 	C:\windows\System32\UMPDC.dll
0x00007ffd6c6b0000 - 0x00007ffd6c702000 	C:\windows\System32\shlwapi.dll
0x00007ffd6acc0000 - 0x00007ffd6acd1000 	C:\windows\System32\kernel.appcore.dll
0x00007ffd6af70000 - 0x00007ffd6af87000 	C:\windows\System32\cryptsp.dll
0x00007ffd38b70000 - 0x00007ffd38b8a000 	D:\android studio\jre\jre\bin\net.dll
0x00007ffd6a4d0000 - 0x00007ffd6a537000 	C:\windows\system32\mswsock.dll
0x00007ffd350c0000 - 0x00007ffd350d1000 	D:\android studio\jre\jre\bin\nio.dll
0x00007ffd52520000 - 0x00007ffd52546000 	C:\Users\Adithya Sai\.gradle\native\29\windows-amd64\native-platform.dll
0x00007ffd48610000 - 0x00007ffd4861d000 	D:\android studio\jre\jre\bin\management.dll
0x00007ffd6a040000 - 0x00007ffd6a073000 	C:\windows\system32\rsaenh.dll
0x00007ffd6ad90000 - 0x00007ffd6adb6000 	C:\windows\System32\bcrypt.dll
0x00007ffd6abb0000 - 0x00007ffd6abd5000 	C:\windows\SYSTEM32\USERENV.dll
0x00007ffd6a6a0000 - 0x00007ffd6a6ac000 	C:\windows\SYSTEM32\CRYPTBASE.dll
0x00007ffd6a1e0000 - 0x00007ffd6a21a000 	C:\windows\SYSTEM32\IPHLPAPI.DLL
0x00007ffd6cea0000 - 0x00007ffd6cea8000 	C:\windows\System32\NSI.dll
0x00007ffd61c00000 - 0x00007ffd61c16000 	C:\windows\SYSTEM32\dhcpcsvc6.DLL
0x00007ffd61ce0000 - 0x00007ffd61cfc000 	C:\windows\SYSTEM32\dhcpcsvc.DLL
0x00007ffd6a220000 - 0x00007ffd6a2ea000 	C:\windows\SYSTEM32\DNSAPI.dll

VM Arguments:
jvm_args: -Xmx1536m -Dfile.encoding=windows-1252 -Duser.country=IN -Duser.language=en -Duser.variant 
java_command: org.gradle.launcher.daemon.bootstrap.GradleDaemon 5.4.1
java_class_path (initial): C:\Users\Adithya Sai\.gradle\wrapper\dists\gradle-5.4.1-all\3221gyojl5jsh0helicew7rwx\gradle-5.4.1\lib\gradle-launcher-5.4.1.jar
Launcher Type: SUN_STANDARD

Environment Variables:
JAVA_HOME=C:\Program Files\Java\jdk-13
PATH=C:\Program Files (x86)\Python38-32\Scripts\;C:\Program Files (x86)\Python38-32\;C:\windows\system32;C:\windows;C:\windows\System32\Wbem;C:\windows\System32\WindowsPowerShell\v1.0\;C:\windows\System32\OpenSSH\;C:\Program Files\Java\jdk-13\bin;C:\Users\Adithya Sai\AppData\Local\Android\Sdk\platform-tools;D:\java\bin;D:\git\Git\cmd;C:\Users\Adithya Sai\AppData\Local\Microsoft\WindowsApps;
USERNAME=Adithya Sai
OS=Windows_NT
PROCESSOR_IDENTIFIER=Intel64 Family 6 Model 142 Stepping 12, GenuineIntel



---------------  S Y S T E M  ---------------

OS: Windows 10.0 , 64 bit Build 18362 (10.0.18362.329)

CPU:total 8 (initial active 8) (4 cores per cpu, 2 threads per core) family 6 model 142 stepping 12, cmov, cx8, fxsr, mmx, sse, sse2, sse3, ssse3, sse4.1, sse4.2, popcnt, avx, avx2, aes, clmul, erms, 3dnowpref, lzcnt, ht, tsc, tscinvbit, bmi1, bmi2, adx

Memory: 4k page, physical 4077876k(182392k free), swap 16660788k(4176k free)

vm_info: OpenJDK 64-Bit Server VM (25.202-b03) for windows-amd64 JRE (1.8.0_202-release-1483-b03), built by "builder" with MS VC++ 10.0 (VS2010)

time: Thu Mar 19 19:01:37 2020
timezone: India Standard Time
elapsed time: 110 seconds (0d 0h 1m 50s)

