#
# There is insufficient memory for the Java Runtime Environment to continue.
# Native memory allocation (malloc) failed to allocate 1011136 bytes for Chunk::new
# Possible reasons:
#   The system is out of physical RAM or swap space
#   The process is running with CompressedOops enabled, and the Java Heap may be blocking the growth of the native heap
# Possible solutions:
#   Reduce memory load on the system
#   Increase physical memory or swap space
#   Check if swap backing store is full
#   Decrease Java heap size (-Xmx/-Xms)
#   Decrease number of Java threads
#   Decrease Java thread stack sizes (-Xss)
#   Set larger code cache with -XX:ReservedCodeCacheSize=
#   JVM is running with Unscaled Compressed Oops mode in which the Java heap is
#     placed in the first 4GB address space. The Java Heap base address is the
#     maximum limit for the native heap growth. Please use -XX:HeapBaseMinAddress
#     to set the Java Heap base and to place the Java Heap above 4GB virtual address.
# This output file may be truncated or incomplete.
#
#  Out of Memory Error (allocation.cpp:389), pid=17000, tid=0x0000000000003420
#
# JRE version: OpenJDK Runtime Environment (8.0_202-b03) (build 1.8.0_202-release-1483-b03)
# Java VM: OpenJDK 64-Bit Server VM (25.202-b03 mixed mode windows-amd64 compressed oops)
# Failed to write core dump. Minidumps are not enabled by default on client versions of Windows
#

---------------  T H R E A D  ---------------

Current thread (0x0000000018b22000):  JavaThread "C2 CompilerThread0" daemon [_thread_in_native, id=13344, stack(0x00000000193f0000,0x00000000194f0000)]

Stack: [0x00000000193f0000,0x00000000194f0000]
[error occurred during error reporting (printing stack bounds), id 0xc0000005]

Native frames: (J=compiled Java code, j=interpreted, Vv=VM code, C=native code)


Current CompileTask:
C2:  18949 6125       4       org.gradle.internal.graph.CachingDirectedGraphWalker::doSearch (659 bytes)


---------------  P R O C E S S  ---------------

Java Threads: ( => current thread )
  0x000000001e2f6000 JavaThread "Execution worker for ':' Thread 7" [_thread_blocked, id=13380, stack(0x0000000026c50000,0x0000000026d50000)]
  0x000000001e2f0800 JavaThread "Execution worker for ':' Thread 6" [_thread_in_Java, id=17224, stack(0x0000000026b50000,0x0000000026c50000)]
  0x000000001e2ef800 JavaThread "Execution worker for ':' Thread 5" [_thread_blocked, id=13652, stack(0x0000000026a50000,0x0000000026b50000)]
  0x000000001e2f6800 JavaThread "Execution worker for ':' Thread 4" [_thread_in_native, id=8048, stack(0x0000000026950000,0x0000000026a50000)]
  0x000000001e2ef000 JavaThread "Execution worker for ':' Thread 3" [_thread_blocked, id=6040, stack(0x0000000026850000,0x0000000026950000)]
  0x0000000020a35800 JavaThread "Execution worker for ':' Thread 2" [_thread_in_Java, id=14864, stack(0x0000000026750000,0x0000000026850000)]
  0x0000000020a39000 JavaThread "Execution worker for ':'" [_thread_in_native, id=13844, stack(0x0000000026650000,0x0000000026750000)]
  0x0000000020a33000 JavaThread "Cache worker for file content cache (D:\project\p10\.gradle\5.4.1\fileContent)" [_thread_blocked, id=8756, stack(0x0000000024a70000,0x0000000024b70000)]
  0x0000000020a38800 JavaThread "Cache worker for file content cache (C:\Users\Adithya Sai\.gradle\caches\5.4.1\fileContent)" [_thread_blocked, id=8152, stack(0x0000000024970000,0x0000000024a70000)]
  0x0000000020a34000 JavaThread "Memory manager" [_thread_blocked, id=4460, stack(0x0000000024050000,0x0000000024150000)]
  0x0000000020a31000 JavaThread "Cache worker for Build Output Cleanup Cache (D:\project\p10\.gradle\buildOutputCleanup)" [_thread_blocked, id=544, stack(0x0000000023d50000,0x0000000023e50000)]
  0x0000000020a37800 JavaThread "pool-1-thread-1" [_thread_blocked, id=5664, stack(0x0000000022bc0000,0x0000000022cc0000)]
  0x0000000020a37000 JavaThread "Build operations Thread 8" [_thread_blocked, id=6948, stack(0x0000000023a50000,0x0000000023b50000)]
  0x0000000020a2b000 JavaThread "Build operations Thread 7" [_thread_blocked, id=14416, stack(0x0000000023950000,0x0000000023a50000)]
  0x0000000020a31800 JavaThread "Build operations Thread 6" [_thread_blocked, id=15116, stack(0x0000000023850000,0x0000000023950000)]
  0x0000000020a2f800 JavaThread "Build operations Thread 5" [_thread_blocked, id=15120, stack(0x0000000023750000,0x0000000023850000)]
  0x0000000020a2b800 JavaThread "Build operations Thread 4" [_thread_blocked, id=6888, stack(0x0000000023650000,0x0000000023750000)]
  0x0000000020a2d000 JavaThread "Build operations Thread 3" [_thread_blocked, id=12272, stack(0x0000000023550000,0x0000000023650000)]
  0x0000000020a2e800 JavaThread "Build operations Thread 2" [_thread_blocked, id=9188, stack(0x0000000023450000,0x0000000023550000)]
  0x0000000020a2e000 JavaThread "Build operations" [_thread_blocked, id=14692, stack(0x0000000022ce0000,0x0000000022de0000)]
  0x0000000020a2a000 JavaThread "Cache worker for execution history cache (C:\Users\Adithya Sai\.gradle\caches\5.4.1\executionHistory)" [_thread_in_native, id=14320, stack(0x0000000021af0000,0x0000000021bf0000)]
  0x0000000020a2c800 JavaThread "Cache worker for cache directory md-rule (C:\Users\Adithya Sai\.gradle\caches\5.4.1\md-rule)" [_thread_blocked, id=14368, stack(0x00000000219f0000,0x0000000021af0000)]
  0x0000000019b98000 JavaThread "Cache worker for cache directory md-supplier (C:\Users\Adithya Sai\.gradle\caches\5.4.1\md-supplier)" [_thread_blocked, id=14372, stack(0x000000001fe50000,0x000000001ff50000)]
  0x0000000019b9b800 JavaThread "Cache worker for file hash cache (D:\project\p10\.gradle\5.4.1\fileHashes)" [_thread_blocked, id=16704, stack(0x000000001fb50000,0x000000001fc50000)]
  0x0000000019b99800 JavaThread "Cache worker for journal cache (C:\Users\Adithya Sai\.gradle\caches\journal-1)" [_thread_in_Java, id=16836, stack(0x000000001d610000,0x000000001d710000)]
  0x0000000019b9b000 JavaThread "File lock request listener" [_thread_in_native, id=4852, stack(0x000000001d510000,0x000000001d610000)]
  0x000000001a972800 JavaThread "Cache worker for file hash cache (C:\Users\Adithya Sai\.gradle\caches\5.4.1\fileHashes)" [_thread_in_vm, id=7948, stack(0x000000001d410000,0x000000001d510000)]
  0x000000001b58a000 JavaThread "Thread-9" [_thread_blocked, id=528, stack(0x000000001d310000,0x000000001d410000)]
  0x000000001b0e9800 JavaThread "Stdin handler" [_thread_blocked, id=15928, stack(0x000000001d210000,0x000000001d310000)]
  0x000000001b589000 JavaThread "Asynchronous log dispatcher for DefaultDaemonConnection: socket connection from /127.0.0.1:50534 to /127.0.0.1:50535" [_thread_blocked, id=14136, stack(0x000000001d110000,0x000000001d210000)]
  0x000000001b586000 JavaThread "Daemon worker" [_thread_in_Java, id=17296, stack(0x000000001d010000,0x000000001d110000)]
  0x000000001ae44000 JavaThread "Cancel handler" [_thread_blocked, id=2920, stack(0x000000001cf10000,0x000000001d010000)]
  0x000000001a95e800 JavaThread "Handler for socket connection from /127.0.0.1:50534 to /127.0.0.1:50535" [_thread_in_native, id=17132, stack(0x000000001cc10000,0x000000001cd10000)]
  0x000000001a90f800 JavaThread "Daemon" [_thread_blocked, id=15096, stack(0x000000001cb10000,0x000000001cc10000)]
  0x000000001a536800 JavaThread "Daemon periodic checks" [_thread_blocked, id=15388, stack(0x000000001ca10000,0x000000001cb10000)]
  0x000000001aaef800 JavaThread "Incoming local TCP Connector on port 50534" [_thread_in_native, id=13172, stack(0x000000001c7d0000,0x000000001c8d0000)]
  0x000000001b6f0800 JavaThread "Daemon health stats" [_thread_blocked, id=8748, stack(0x000000001c190000,0x000000001c290000)]
  0x0000000018bb2800 JavaThread "Service Thread" daemon [_thread_blocked, id=3140, stack(0x00000000197f0000,0x00000000198f0000)]
  0x0000000018b29000 JavaThread "C1 CompilerThread3" daemon [_thread_in_native, id=16656, stack(0x00000000196f0000,0x00000000197f0000)]
  0x0000000016d0a000 JavaThread "C2 CompilerThread2" daemon [_thread_in_native, id=16140, stack(0x00000000195f0000,0x00000000196f0000)]
  0x0000000018b25000 JavaThread "C2 CompilerThread1" daemon [_thread_in_native, id=16708, stack(0x00000000194f0000,0x00000000195f0000)]
=>0x0000000018b22000 JavaThread "C2 CompilerThread0" daemon [_thread_in_native, id=13344, stack(0x00000000193f0000,0x00000000194f0000)]
  0x0000000018b1c800 JavaThread "Attach Listener" daemon [_thread_blocked, id=15528, stack(0x00000000192f0000,0x00000000193f0000)]
  0x0000000018b19000 JavaThread "Signal Dispatcher" daemon [_thread_blocked, id=1384, stack(0x00000000191f0000,0x00000000192f0000)]
  0x0000000002f3d800 JavaThread "Finalizer" daemon [_thread_blocked, id=13456, stack(0x0000000018ff0000,0x00000000190f0000)]
  0x0000000002f34000 JavaThread "Reference Handler" daemon [_thread_blocked, id=4992, stack(0x0000000018ef0000,0x0000000018ff0000)]
  0x0000000002ccd800 JavaThread "main" [_thread_blocked, id=7384, stack(0x0000000002d40000,0x0000000002e40000)]

Other Threads:
  0x0000000016cf9000 VMThread [stack: 0x00000000189f0000,0x0000000018af0000] [id=7608]
  0x0000000018bb3000 WatcherThread [stack: 0x00000000198f0000,0x00000000199f0000] [id=16604]

VM state:not at safepoint (normal execution)

VM Mutex/Monitor currently owned by a thread: None

heap address: 0x00000000a0000000, size: 1536 MB, Compressed Oops mode: 32-bit
Narrow klass base: 0x0000000000000000, Narrow klass shift: 3
Compressed class space size: 1073741824 Address: 0x0000000100000000

Heap:
 PSYoungGen      total 144384K, used 55220K [0x00000000e0000000, 0x00000000eb380000, 0x0000000100000000)
  eden space 128512K, 42% used [0x00000000e0000000,0x00000000e35ed078,0x00000000e7d80000)
  from space 15872K, 0% used [0x00000000e8d00000,0x00000000e8d00000,0x00000000e9c80000)
  to   space 15872K, 0% used [0x00000000e7d80000,0x00000000e7d80000,0x00000000e8d00000)
 ParOldGen       total 82432K, used 32070K [0x00000000a0000000, 0x00000000a5080000, 0x00000000e0000000)
  object space 82432K, 38% used [0x00000000a0000000,0x00000000a1f51930,0x00000000a5080000)
 Metaspace       used 59487K, capacity 61570K, committed 61720K, reserved 1101824K
  class space    used 8123K, capacity 8629K, committed 8744K, reserved 1048576K

Card table byte_map: [0x0000000012300000,0x0000000012610000] byte_map_base: 0x0000000011e00000

Marking Bits: (ParMarkBitMap*) 0x0000000061779f30
 Begin Bits: [0x0000000013010000, 0x0000000014810000)
 End Bits:   [0x0000000014810000, 0x0000000016010000)

Polling page: 0x0000000002c80000

CodeCache: size=245760Kb used=20394Kb max_used=20394Kb free=225365Kb
 bounds [0x0000000002f40000, 0x0000000004340000, 0x0000000011f40000]
 total_blobs=6948 nmethods=6162 adapters=699
 compilation: enabled

Compilation events (10 events):
Event: 18.836 Thread 0x0000000018b29000 nmethod 6422 0x00000000042dae10 code [0x00000000042daf60, 0x00000000042db070]
Event: 18.836 Thread 0x0000000018b29000 6423       1       org.gradle.internal.fingerprint.impl.AbstractFingerprintingStrategy::getIdentifier (5 bytes)
Event: 18.836 Thread 0x0000000018b29000 nmethod 6423 0x00000000042db0d0 code [0x00000000042db220, 0x00000000042db330]
Event: 18.836 Thread 0x0000000018b29000 6428       1       org.gradle.internal.execution.history.impl.SerializableFileCollectionFingerprint::getRootHashes (5 bytes)
Event: 18.836 Thread 0x0000000018b29000 nmethod 6428 0x00000000042db390 code [0x00000000042db4e0, 0x00000000042db5f0]
Event: 18.836 Thread 0x0000000018b29000 6429       3       org.gradle.internal.classloader.ConfigurableClassLoaderHierarchyHasher$Visitor::visit (14 bytes)
Event: 18.837 Thread 0x0000000018b29000 nmethod 6429 0x00000000042db650 code [0x00000000042db7c0, 0x00000000042db9d8]
Event: 18.837 Thread 0x0000000018b29000 6430       3       org.gradle.internal.classloader.ConfigurableClassLoaderHierarchyHasher$Visitor::addToHash (86 bytes)
Event: 18.841 Thread 0x0000000018b29000 nmethod 6430 0x00000000042dba90 code [0x00000000042dbda0, 0x00000000042dd6f8]
Event: 18.841 Thread 0x0000000018b29000 6431       3       sun.nio.fs.WindowsFileAttributes::isSymbolicLink (15 bytes)

GC Heap History (10 events):
Event: 12.811 GC heap before
{Heap before GC invocations=17 (full 2):
 PSYoungGen      total 97792K, used 89600K [0x00000000e0000000, 0x00000000e6b00000, 0x0000000100000000)
  eden space 89600K, 100% used [0x00000000e0000000,0x00000000e5780000,0x00000000e5780000)
  from space 8192K, 0% used [0x00000000e5f80000,0x00000000e5f80000,0x00000000e6780000)
  to   space 8192K, 0% used [0x00000000e5780000,0x00000000e5780000,0x00000000e5f80000)
 ParOldGen       total 57344K, used 16224K [0x00000000a0000000, 0x00000000a3800000, 0x00000000e0000000)
  object space 57344K, 28% used [0x00000000a0000000,0x00000000a0fd82f0,0x00000000a3800000)
 Metaspace       used 44584K, capacity 45456K, committed 45736K, reserved 1089536K
  class space    used 6001K, capacity 6226K, committed 6312K, reserved 1048576K
Event: 12.828 GC heap after
Heap after GC invocations=17 (full 2):
 PSYoungGen      total 97792K, used 8170K [0x00000000e0000000, 0x00000000e8380000, 0x0000000100000000)
  eden space 89600K, 0% used [0x00000000e0000000,0x00000000e0000000,0x00000000e5780000)
  from space 8192K, 99% used [0x00000000e5780000,0x00000000e5f7a960,0x00000000e5f80000)
  to   space 11264K, 0% used [0x00000000e7880000,0x00000000e7880000,0x00000000e8380000)
 ParOldGen       total 57344K, used 21853K [0x00000000a0000000, 0x00000000a3800000, 0x00000000e0000000)
  object space 57344K, 38% used [0x00000000a0000000,0x00000000a1557758,0x00000000a3800000)
 Metaspace       used 44584K, capacity 45456K, committed 45736K, reserved 1089536K
  class space    used 6001K, capacity 6226K, committed 6312K, reserved 1048576K
}
Event: 14.441 GC heap before
{Heap before GC invocations=18 (full 2):
 PSYoungGen      total 97792K, used 97770K [0x00000000e0000000, 0x00000000e8380000, 0x0000000100000000)
  eden space 89600K, 100% used [0x00000000e0000000,0x00000000e5780000,0x00000000e5780000)
  from space 8192K, 99% used [0x00000000e5780000,0x00000000e5f7a960,0x00000000e5f80000)
  to   space 11264K, 0% used [0x00000000e7880000,0x00000000e7880000,0x00000000e8380000)
 ParOldGen       total 57344K, used 21853K [0x00000000a0000000, 0x00000000a3800000, 0x00000000e0000000)
  object space 57344K, 38% used [0x00000000a0000000,0x00000000a1557758,0x00000000a3800000)
 Metaspace       used 50261K, capacity 51496K, committed 51752K, reserved 1093632K
  class space    used 6789K, capacity 7141K, committed 7208K, reserved 1048576K
Event: 14.461 GC heap after
Heap after GC invocations=18 (full 2):
 PSYoungGen      total 122368K, used 9844K [0x00000000e0000000, 0x00000000e8500000, 0x0000000100000000)
  eden space 111104K, 0% used [0x00000000e0000000,0x00000000e0000000,0x00000000e6c80000)
  from space 11264K, 87% used [0x00000000e7880000,0x00000000e821d0f0,0x00000000e8380000)
  to   space 12288K, 0% used [0x00000000e6c80000,0x00000000e6c80000,0x00000000e7880000)
 ParOldGen       total 57344K, used 27181K [0x00000000a0000000, 0x00000000a3800000, 0x00000000e0000000)
  object space 57344K, 47% used [0x00000000a0000000,0x00000000a1a8b770,0x00000000a3800000)
 Metaspace       used 50261K, capacity 51496K, committed 51752K, reserved 1093632K
  class space    used 6789K, capacity 7141K, committed 7208K, reserved 1048576K
}
Event: 17.349 GC heap before
{Heap before GC invocations=19 (full 2):
 PSYoungGen      total 122368K, used 120948K [0x00000000e0000000, 0x00000000e8500000, 0x0000000100000000)
  eden space 111104K, 100% used [0x00000000e0000000,0x00000000e6c80000,0x00000000e6c80000)
  from space 11264K, 87% used [0x00000000e7880000,0x00000000e821d0f0,0x00000000e8380000)
  to   space 12288K, 0% used [0x00000000e6c80000,0x00000000e6c80000,0x00000000e7880000)
 ParOldGen       total 57344K, used 27181K [0x00000000a0000000, 0x00000000a3800000, 0x00000000e0000000)
  object space 57344K, 47% used [0x00000000a0000000,0x00000000a1a8b770,0x00000000a3800000)
 Metaspace       used 57560K, capacity 59142K, committed 59160K, reserved 1099776K
  class space    used 7812K, capacity 8223K, committed 8232K, reserved 1048576K
Event: 17.374 GC heap after
Heap after GC invocations=19 (full 2):
 PSYoungGen      total 123392K, used 12256K [0x00000000e0000000, 0x00000000e9c80000, 0x0000000100000000)
  eden space 111104K, 0% used [0x00000000e0000000,0x00000000e0000000,0x00000000e6c80000)
  from space 12288K, 99% used [0x00000000e6c80000,0x00000000e7878338,0x00000000e7880000)
  to   space 15872K, 0% used [0x00000000e8d00000,0x00000000e8d00000,0x00000000e9c80000)
 ParOldGen       total 57344K, used 31420K [0x00000000a0000000, 0x00000000a3800000, 0x00000000e0000000)
  object space 57344K, 54% used [0x00000000a0000000,0x00000000a1eaf3d0,0x00000000a3800000)
 Metaspace       used 57560K, capacity 59142K, committed 59160K, reserved 1099776K
  class space    used 7812K, capacity 8223K, committed 8232K, reserved 1048576K
}
Event: 17.379 GC heap before
{Heap before GC invocations=20 (full 2):
 PSYoungGen      total 123392K, used 14458K [0x00000000e0000000, 0x00000000e9c80000, 0x0000000100000000)
  eden space 111104K, 1% used [0x00000000e0000000,0x00000000e02266c8,0x00000000e6c80000)
  from space 12288K, 99% used [0x00000000e6c80000,0x00000000e7878338,0x00000000e7880000)
  to   space 15872K, 0% used [0x00000000e8d00000,0x00000000e8d00000,0x00000000e9c80000)
 ParOldGen       total 57344K, used 31420K [0x00000000a0000000, 0x00000000a3800000, 0x00000000e0000000)
  object space 57344K, 54% used [0x00000000a0000000,0x00000000a1eaf3d0,0x00000000a3800000)
 Metaspace       used 57567K, capacity 59142K, committed 59160K, reserved 1099776K
  class space    used 7812K, capacity 8223K, committed 8232K, reserved 1048576K
Event: 17.395 GC heap after
Heap after GC invocations=20 (full 2):
 PSYoungGen      total 144384K, used 256K [0x00000000e0000000, 0x00000000eb380000, 0x0000000100000000)
  eden space 128512K, 0% used [0x00000000e0000000,0x00000000e0000000,0x00000000e7d80000)
  from space 15872K, 1% used [0x00000000e8d00000,0x00000000e8d40000,0x00000000e9c80000)
  to   space 15872K, 0% used [0x00000000e7d80000,0x00000000e7d80000,0x00000000e8d00000)
 ParOldGen       total 57344K, used 42751K [0x00000000a0000000, 0x00000000a3800000, 0x00000000e0000000)
  object space 57344K, 74% used [0x00000000a0000000,0x00000000a29bfda0,0x00000000a3800000)
 Metaspace       used 57567K, capacity 59142K, committed 59160K, reserved 1099776K
  class space    used 7812K, capacity 8223K, committed 8232K, reserved 1048576K
}
Event: 17.395 GC heap before
{Heap before GC invocations=21 (full 3):
 PSYoungGen      total 144384K, used 256K [0x00000000e0000000, 0x00000000eb380000, 0x0000000100000000)
  eden space 128512K, 0% used [0x00000000e0000000,0x00000000e0000000,0x00000000e7d80000)
  from space 15872K, 1% used [0x00000000e8d00000,0x00000000e8d40000,0x00000000e9c80000)
  to   space 15872K, 0% used [0x00000000e7d80000,0x00000000e7d80000,0x00000000e8d00000)
 ParOldGen       total 57344K, used 42751K [0x00000000a0000000, 0x00000000a3800000, 0x00000000e0000000)
  object space 57344K, 74% used [0x00000000a0000000,0x00000000a29bfda0,0x00000000a3800000)
 Metaspace       used 57567K, capacity 59142K, committed 59160K, reserved 1099776K
  class space    used 7812K, capacity 8223K, committed 8232K, reserved 1048576K
Event: 17.883 GC heap after
Heap after GC invocations=21 (full 3):
 PSYoungGen      total 144384K, used 0K [0x00000000e0000000, 0x00000000eb380000, 0x0000000100000000)
  eden space 128512K, 0% used [0x00000000e0000000,0x00000000e0000000,0x00000000e7d80000)
  from space 15872K, 0% used [0x00000000e8d00000,0x00000000e8d00000,0x00000000e9c80000)
  to   space 15872K, 0% used [0x00000000e7d80000,0x00000000e7d80000,0x00000000e8d00000)
 ParOldGen       total 82432K, used 32070K [0x00000000a0000000, 0x00000000a5080000, 0x00000000e0000000)
  object space 82432K, 38% used [0x00000000a0000000,0x00000000a1f51930,0x00000000a5080000)
 Metaspace       used 57567K, capacity 59142K, committed 59160K, reserved 1099776K
  class space    used 7812K, capacity 8223K, committed 8232K, reserved 1048576K
}

Deoptimization events (10 events):
Event: 18.682 Thread 0x0000000020a2a000 Uncommon trap: reason=bimorphic action=maybe_recompile pc=0x0000000003b5fa84 method=java.util.Arrays.binarySearch0([Ljava/lang/Object;IILjava/lang/Object;Ljava/util/Comparator;)I @ 48
Event: 18.682 Thread 0x0000000020a2a000 Uncommon trap: reason=bimorphic action=maybe_recompile pc=0x0000000003b5fa84 method=java.util.Arrays.binarySearch0([Ljava/lang/Object;IILjava/lang/Object;Ljava/util/Comparator;)I @ 48
Event: 18.699 Thread 0x000000001e2ef800 Uncommon trap: reason=unstable_if action=reinterpret pc=0x00000000033dd990 method=java.util.concurrent.ConcurrentHashMap.transfer([Ljava/util/concurrent/ConcurrentHashMap$Node;[Ljava/util/concurrent/ConcurrentHashMap$Node;)V @ 34
Event: 18.699 Thread 0x000000001e2f6800 Uncommon trap: reason=unstable_if action=reinterpret pc=0x00000000033dd9c0 method=java.util.concurrent.ConcurrentHashMap.transfer([Ljava/util/concurrent/ConcurrentHashMap$Node;[Ljava/util/concurrent/ConcurrentHashMap$Node;)V @ 277
Event: 18.699 Thread 0x000000001e2f0800 Uncommon trap: reason=unstable_if action=reinterpret pc=0x000000000310d300 method=java.util.concurrent.ConcurrentHashMap.get(Ljava/lang/Object;)Ljava/lang/Object; @ 86
Event: 18.699 Thread 0x0000000020a39000 Uncommon trap: reason=unstable_if action=reinterpret pc=0x000000000310d300 method=java.util.concurrent.ConcurrentHashMap.get(Ljava/lang/Object;)Ljava/lang/Object; @ 86
Event: 18.700 Thread 0x0000000020a35800 Uncommon trap: reason=unstable_if action=reinterpret pc=0x000000000310d300 method=java.util.concurrent.ConcurrentHashMap.get(Ljava/lang/Object;)Ljava/lang/Object; @ 86
Event: 18.700 Thread 0x000000001e2f6000 Uncommon trap: reason=unstable_if action=reinterpret pc=0x000000000310d300 method=java.util.concurrent.ConcurrentHashMap.get(Ljava/lang/Object;)Ljava/lang/Object; @ 86
Event: 18.746 Thread 0x000000001e2f6000 Uncommon trap: reason=unstable_if action=reinterpret pc=0x00000000033e2984 method=java.util.concurrent.ConcurrentHashMap.transfer([Ljava/util/concurrent/ConcurrentHashMap$Node;[Ljava/util/concurrent/ConcurrentHashMap$Node;)V @ 175
Event: 18.749 Thread 0x000000001e2f0800 Uncommon trap: reason=unstable_if action=reinterpret pc=0x0000000003b9a8d0 method=java.util.concurrent.ConcurrentHashMap.addCount(JI)V @ 7

Classes redefined (0 events):
No events

Internal exceptions (10 events):
Event: 18.071 Thread 0x000000001b586000 Exception <a 'java/lang/ClassNotFoundException': com/android/build/gradle/tasks/MergeResources_DecoratedBeanInfo> (0x00000000e07caaf8) thrown at [D:\src\AOSP-openjdk-cygwin\jdk8u\hotspot\src\share\vm\classfile\systemDictionary.cpp, line 210]
Event: 18.073 Thread 0x000000001b586000 Exception <a 'java/lang/ClassNotFoundException': com/android/build/gradle/tasks/MergeResourcesBeanInfo> (0x00000000e07e3870) thrown at [D:\src\AOSP-openjdk-cygwin\jdk8u\hotspot\src\share\vm\classfile\systemDictionary.cpp, line 210]
Event: 18.074 Thread 0x000000001b586000 Exception <a 'java/lang/ClassNotFoundException': com/android/build/gradle/tasks/ResourceAwareTaskBeanInfo> (0x00000000e07fd078) thrown at [D:\src\AOSP-openjdk-cygwin\jdk8u\hotspot\src\share\vm\classfile\systemDictionary.cpp, line 210]
Event: 18.075 Thread 0x000000001b586000 Exception <a 'java/lang/ClassNotFoundException': com/android/build/gradle/internal/tasks/IncrementalTaskBeanInfo> (0x00000000e0818440) thrown at [D:\src\AOSP-openjdk-cygwin\jdk8u\hotspot\src\share\vm\classfile\systemDictionary.cpp, line 210]
Event: 18.076 Thread 0x000000001b586000 Exception <a 'java/lang/ClassNotFoundException': com/android/build/gradle/internal/tasks/AndroidVariantTaskBeanInfo> (0x00000000e0833de8) thrown at [D:\src\AOSP-openjdk-cygwin\jdk8u\hotspot\src\share\vm\classfile\systemDictionary.cpp, line 210]
Event: 18.077 Thread 0x000000001b586000 Exception <a 'java/lang/ClassNotFoundException': com/android/build/gradle/internal/tasks/AndroidVariantTaskCustomizer> (0x00000000e08506e0) thrown at [D:\src\AOSP-openjdk-cygwin\jdk8u\hotspot\src\share\vm\classfile\systemDictionary.cpp, line 210]
Event: 18.080 Thread 0x000000001b586000 Exception <a 'java/lang/ClassNotFoundException': com/android/build/gradle/internal/tasks/IncrementalTaskCustomizer> (0x00000000e087c7f8) thrown at [D:\src\AOSP-openjdk-cygwin\jdk8u\hotspot\src\share\vm\classfile\systemDictionary.cpp, line 210]
Event: 18.081 Thread 0x000000001b586000 Exception <a 'java/lang/ClassNotFoundException': com/android/build/gradle/tasks/ResourceAwareTaskCustomizer> (0x00000000e08a81a8) thrown at [D:\src\AOSP-openjdk-cygwin\jdk8u\hotspot\src\share\vm\classfile\systemDictionary.cpp, line 210]
Event: 18.083 Thread 0x000000001b586000 Exception <a 'java/lang/ClassNotFoundException': com/android/build/gradle/tasks/MergeResourcesCustomizer> (0x00000000e08e0cd0) thrown at [D:\src\AOSP-openjdk-cygwin\jdk8u\hotspot\src\share\vm\classfile\systemDictionary.cpp, line 210]
Event: 18.086 Thread 0x000000001b586000 Exception <a 'java/lang/ClassNotFoundException': com/android/build/gradle/tasks/MergeResources_DecoratedCustomizer> (0x00000000e092d808) thrown at [D:\src\AOSP-openjdk-cygwin\jdk8u\hotspot\src\share\vm\classfile\systemDictionary.cpp, line 210]

Events (10 events):
Event: 18.808 Executing VM operation: RevokeBias
Event: 18.809 Executing VM operation: RevokeBias done
Event: 18.810 loading class org/gradle/api/internal/artifacts/transform/DefaultTransformer$2
Event: 18.810 loading class org/gradle/api/internal/artifacts/transform/DefaultTransformer$2 done
Event: 18.811 loading class org/gradle/api/internal/tasks/properties/InputParameterUtils
Event: 18.811 loading class org/gradle/api/internal/tasks/properties/InputParameterUtils done
Event: 18.813 loading class org/gradle/api/internal/artifacts/transform/DefaultTransformer$IsolatedParameters
Event: 18.813 loading class org/gradle/api/internal/artifacts/transform/DefaultTransformer$IsolatedParameters done
Event: 18.823 loading class org/gradle/internal/fingerprint/impl/NameOnlyFingerprintingStrategy$1
Event: 18.823 loading class org/gradle/internal/fingerprint/impl/NameOnlyFingerprintingStrategy$1 done


Dynamic libraries:
0x00007ff639fe0000 - 0x00007ff63a011000 	D:\android studio\jre\bin\java.exe
0x00007ffd6de00000 - 0x00007ffd6dff0000 	C:\windows\SYSTEM32\ntdll.dll
0x00007ffd6beb0000 - 0x00007ffd6bf62000 	C:\windows\System32\KERNEL32.DLL
0x00007ffd6b040000 - 0x00007ffd6b2e3000 	C:\windows\System32\KERNELBASE.dll
0x00007ffd6c7d0000 - 0x00007ffd6c873000 	C:\windows\System32\ADVAPI32.dll
0x00007ffd6cab0000 - 0x00007ffd6cb4e000 	C:\windows\System32\msvcrt.dll
0x00007ffd6c2b0000 - 0x00007ffd6c347000 	C:\windows\System32\sechost.dll
0x00007ffd6c420000 - 0x00007ffd6c540000 	C:\windows\System32\RPCRT4.dll
0x00007ffd6d730000 - 0x00007ffd6d8c4000 	C:\windows\System32\USER32.dll
0x00007ffd6be80000 - 0x00007ffd6bea1000 	C:\windows\System32\win32u.dll
0x00007ffd6c680000 - 0x00007ffd6c6a6000 	C:\windows\System32\GDI32.dll
0x00007ffd6b490000 - 0x00007ffd6b624000 	C:\windows\System32\gdi32full.dll
0x00007ffd6b3f0000 - 0x00007ffd6b48e000 	C:\windows\System32\msvcp_win.dll
0x00007ffd6b2f0000 - 0x00007ffd6b3ea000 	C:\windows\System32\ucrtbase.dll
0x00007ffd54140000 - 0x00007ffd543c5000 	C:\windows\WinSxS\amd64_microsoft.windows.common-controls_6595b64144ccf1df_6.0.18362.693_none_e6c1b3c11311d480\COMCTL32.dll
0x00007ffd6cb50000 - 0x00007ffd6ce86000 	C:\windows\System32\combase.dll
0x00007ffd6b630000 - 0x00007ffd6b6b0000 	C:\windows\System32\bcryptPrimitives.dll
0x00007ffd6c280000 - 0x00007ffd6c2ae000 	C:\windows\System32\IMM32.DLL
0x0000000060aa0000 - 0x0000000060b72000 	D:\android studio\jre\jre\bin\msvcr100.dll
0x0000000060fb0000 - 0x00000000617f6000 	D:\android studio\jre\jre\bin\server\jvm.dll
0x00007ffd6ce90000 - 0x00007ffd6ce98000 	C:\windows\System32\PSAPI.DLL
0x00007ffd689c0000 - 0x00007ffd689e4000 	C:\windows\SYSTEM32\WINMM.dll
0x00007ffd49e60000 - 0x00007ffd49e69000 	C:\windows\SYSTEM32\WSOCK32.dll
0x00007ffd64220000 - 0x00007ffd6422a000 	C:\windows\SYSTEM32\VERSION.dll
0x00007ffd6c540000 - 0x00007ffd6c5af000 	C:\windows\System32\WS2_32.dll
0x00007ffd68990000 - 0x00007ffd689bd000 	C:\windows\SYSTEM32\WINMMBASE.dll
0x00007ffd6b6b0000 - 0x00007ffd6b6fa000 	C:\windows\System32\cfgmgr32.dll
0x00007ffd49d90000 - 0x00007ffd49d9f000 	D:\android studio\jre\jre\bin\verify.dll
0x00007ffd394e0000 - 0x00007ffd39509000 	D:\android studio\jre\jre\bin\java.dll
0x00007ffd397c0000 - 0x00007ffd397d6000 	D:\android studio\jre\jre\bin\zip.dll
0x00007ffd6cf90000 - 0x00007ffd6d676000 	C:\windows\System32\SHELL32.dll
0x00007ffd6c720000 - 0x00007ffd6c7c9000 	C:\windows\System32\shcore.dll
0x00007ffd6b700000 - 0x00007ffd6be80000 	C:\windows\System32\windows.storage.dll
0x00007ffd6ad60000 - 0x00007ffd6ad89000 	C:\windows\System32\Wldp.dll
0x00007ffd6adc0000 - 0x00007ffd6af09000 	C:\windows\System32\CRYPT32.dll
0x00007ffd6aca0000 - 0x00007ffd6acb2000 	C:\windows\System32\MSASN1.dll
0x00007ffd6af10000 - 0x00007ffd6af6c000 	C:\windows\System32\WINTRUST.dll
0x00007ffd6ad30000 - 0x00007ffd6ad53000 	C:\windows\System32\profapi.dll
0x00007ffd6ace0000 - 0x00007ffd6ad2a000 	C:\windows\System32\powrprof.dll
0x00007ffd6ac90000 - 0x00007ffd6aca0000 	C:\windows\System32\UMPDC.dll
0x00007ffd6c6b0000 - 0x00007ffd6c702000 	C:\windows\System32\shlwapi.dll
0x00007ffd6acc0000 - 0x00007ffd6acd1000 	C:\windows\System32\kernel.appcore.dll
0x00007ffd6af70000 - 0x00007ffd6af87000 	C:\windows\System32\cryptsp.dll
0x00007ffd38b70000 - 0x00007ffd38b8a000 	D:\android studio\jre\jre\bin\net.dll
0x00007ffd6a4d0000 - 0x00007ffd6a537000 	C:\windows\system32\mswsock.dll
0x00007ffd350c0000 - 0x00007ffd350d1000 	D:\android studio\jre\jre\bin\nio.dll
0x00007ffd52520000 - 0x00007ffd52546000 	C:\Users\Adithya Sai\.gradle\native\29\windows-amd64\native-platform.dll
0x00007ffd48610000 - 0x00007ffd4861d000 	D:\android studio\jre\jre\bin\management.dll
0x00007ffd6a040000 - 0x00007ffd6a073000 	C:\windows\system32\rsaenh.dll
0x00007ffd6ad90000 - 0x00007ffd6adb6000 	C:\windows\System32\bcrypt.dll
0x00007ffd6abb0000 - 0x00007ffd6abd5000 	C:\windows\SYSTEM32\USERENV.dll
0x00007ffd6a6a0000 - 0x00007ffd6a6ac000 	C:\windows\SYSTEM32\CRYPTBASE.dll
0x00007ffd6a1e0000 - 0x00007ffd6a21a000 	C:\windows\SYSTEM32\IPHLPAPI.DLL
0x00007ffd6cea0000 - 0x00007ffd6cea8000 	C:\windows\System32\NSI.dll
0x00007ffd61c00000 - 0x00007ffd61c16000 	C:\windows\SYSTEM32\dhcpcsvc6.DLL
0x00007ffd61ce0000 - 0x00007ffd61cfc000 	C:\windows\SYSTEM32\dhcpcsvc.DLL
0x00007ffd6a220000 - 0x00007ffd6a2ea000 	C:\windows\SYSTEM32\DNSAPI.dll

VM Arguments:
jvm_args: -Xmx1536m -Dfile.encoding=windows-1252 -Duser.country=IN -Duser.language=en -Duser.variant 
java_command: org.gradle.launcher.daemon.bootstrap.GradleDaemon 5.4.1
java_class_path (initial): C:\Users\Adithya Sai\.gradle\wrapper\dists\gradle-5.4.1-all\3221gyojl5jsh0helicew7rwx\gradle-5.4.1\lib\gradle-launcher-5.4.1.jar
Launcher Type: SUN_STANDARD

Environment Variables:
JAVA_HOME=C:\Program Files\Java\jdk-13
PATH=C:\Program Files (x86)\Python38-32\Scripts\;C:\Program Files (x86)\Python38-32\;C:\windows\system32;C:\windows;C:\windows\System32\Wbem;C:\windows\System32\WindowsPowerShell\v1.0\;C:\windows\System32\OpenSSH\;C:\Program Files\Java\jdk-13\bin;C:\Users\Adithya Sai\AppData\Local\Android\Sdk\platform-tools;D:\java\bin;D:\git\Git\cmd;C:\Users\Adithya Sai\AppData\Local\Microsoft\WindowsApps;
USERNAME=Adithya Sai
OS=Windows_NT
PROCESSOR_IDENTIFIER=Intel64 Family 6 Model 142 Stepping 12, GenuineIntel



---------------  S Y S T E M  ---------------

OS: Windows 10.0 , 64 bit Build 18362 (10.0.18362.329)

CPU:total 8 (initial active 8) (4 cores per cpu, 2 threads per core) family 6 model 142 stepping 12, cmov, cx8, fxsr, mmx, sse, sse2, sse3, ssse3, sse4.1, sse4.2, popcnt, avx, avx2, aes, clmul, erms, 3dnowpref, lzcnt, ht, tsc, tscinvbit, bmi1, bmi2, adx

Memory: 4k page, physical 4077876k(267376k free), swap 16660788k(5124k free)

vm_info: OpenJDK 64-Bit Server VM (25.202-b03) for windows-amd64 JRE (1.8.0_202-release-1483-b03), built by "builder" with MS VC++ 10.0 (VS2010)

time: Thu Mar 19 19:02:06 2020
timezone: India Standard Time
elapsed time: 18 seconds (0d 0h 0m 18s)

