#
# There is insufficient memory for the Java Runtime Environment to continue.
# Native memory allocation (malloc) failed to allocate 1431696 bytes for Chunk::new
# Possible reasons:
#   The system is out of physical RAM or swap space
#   The process is running with CompressedOops enabled, and the Java Heap may be blocking the growth of the native heap
# Possible solutions:
#   Reduce memory load on the system
#   Increase physical memory or swap space
#   Check if swap backing store is full
#   Decrease Java heap size (-Xmx/-Xms)
#   Decrease number of Java threads
#   Decrease Java thread stack sizes (-Xss)
#   Set larger code cache with -XX:ReservedCodeCacheSize=
#   JVM is running with Unscaled Compressed Oops mode in which the Java heap is
#     placed in the first 4GB address space. The Java Heap base address is the
#     maximum limit for the native heap growth. Please use -XX:HeapBaseMinAddress
#     to set the Java Heap base and to place the Java Heap above 4GB virtual address.
# This output file may be truncated or incomplete.
#
#  Out of Memory Error (allocation.cpp:389), pid=7552, tid=0x0000000000001f8c
#
# JRE version: OpenJDK Runtime Environment (8.0_202-b03) (build 1.8.0_202-release-1483-b03)
# Java VM: OpenJDK 64-Bit Server VM (25.202-b03 mixed mode windows-amd64 compressed oops)
# Failed to write core dump. Minidumps are not enabled by default on client versions of Windows
#

---------------  T H R E A D  ---------------

Current thread (0x0000000018f50800):  JavaThread "C2 CompilerThread1" daemon [_thread_in_native, id=8076, stack(0x0000000019920000,0x0000000019a20000)]

Stack: [0x0000000019920000,0x0000000019a20000]
[error occurred during error reporting (printing stack bounds), id 0xc0000005]

Native frames: (J=compiled Java code, j=interpreted, Vv=VM code, C=native code)


Current CompileTask:
C2:   8292 2349       4       groovy.lang.MetaClassImpl$1MOPIter::methodNameAction (325 bytes)


---------------  P R O C E S S  ---------------

Java Threads: ( => current thread )
  0x000000001c05c000 JavaThread "Cache worker for execution history cache (C:\Users\Adithya Sai\.gradle\caches\5.4.1\executionHistory)" [_thread_blocked, id=15908, stack(0x0000000021f10000,0x0000000022010000)]
  0x000000001c05b000 JavaThread "Cache worker for cache directory md-rule (C:\Users\Adithya Sai\.gradle\caches\5.4.1\md-rule)" [_thread_blocked, id=11444, stack(0x0000000021e10000,0x0000000021f10000)]
  0x000000001b632800 JavaThread "Cache worker for cache directory md-supplier (C:\Users\Adithya Sai\.gradle\caches\5.4.1\md-supplier)" [_thread_blocked, id=13476, stack(0x00000000206e0000,0x00000000207e0000)]
  0x000000001b636000 JavaThread "Cache worker for file hash cache (D:\project\p10\.gradle\5.4.1\fileHashes)" [_thread_blocked, id=5136, stack(0x000000001ffc0000,0x00000000200c0000)]
  0x000000001b635800 JavaThread "Cache worker for journal cache (C:\Users\Adithya Sai\.gradle\caches\journal-1)" [_thread_blocked, id=15212, stack(0x000000001da70000,0x000000001db70000)]
  0x000000001b634800 JavaThread "File lock request listener" [_thread_in_native, id=7140, stack(0x000000001d970000,0x000000001da70000)]
  0x000000001b662800 JavaThread "Cache worker for file hash cache (C:\Users\Adithya Sai\.gradle\caches\5.4.1\fileHashes)" [_thread_blocked, id=8928, stack(0x000000001d870000,0x000000001d970000)]
  0x000000001b3cc000 JavaThread "Thread-9" [_thread_blocked, id=10012, stack(0x000000001d770000,0x000000001d870000)]
  0x000000001b0b9800 JavaThread "Stdin handler" [_thread_blocked, id=1808, stack(0x000000001d670000,0x000000001d770000)]
  0x000000001afd5800 JavaThread "Asynchronous log dispatcher for DefaultDaemonConnection: socket connection from /127.0.0.1:50545 to /127.0.0.1:50546" [_thread_blocked, id=3684, stack(0x000000001d570000,0x000000001d670000)]
  0x000000001ab8f800 JavaThread "Daemon worker" [_thread_in_native, id=9572, stack(0x000000001d470000,0x000000001d570000)]
  0x000000001aea9000 JavaThread "Cancel handler" [_thread_blocked, id=11604, stack(0x000000001d370000,0x000000001d470000)]
  0x000000001b17d800 JavaThread "Handler for socket connection from /127.0.0.1:50545 to /127.0.0.1:50546" [_thread_in_native, id=13920, stack(0x000000001d070000,0x000000001d170000)]
  0x000000001b159000 JavaThread "Daemon" [_thread_blocked, id=3508, stack(0x000000001cf70000,0x000000001d070000)]
  0x000000001b17f800 JavaThread "Daemon periodic checks" [_thread_blocked, id=11188, stack(0x000000001ce70000,0x000000001cf70000)]
  0x000000001b294800 JavaThread "Incoming local TCP Connector on port 50545" [_thread_in_native, id=8388, stack(0x000000001c5c0000,0x000000001c6c0000)]
  0x000000001b97c800 JavaThread "Daemon health stats" [_thread_blocked, id=8712, stack(0x000000001c6f0000,0x000000001c7f0000)]
  0x0000000018fd9000 JavaThread "Service Thread" daemon [_thread_blocked, id=13776, stack(0x0000000019c20000,0x0000000019d20000)]
  0x0000000018f56800 JavaThread "C1 CompilerThread3" daemon [_thread_blocked, id=7276, stack(0x0000000019b20000,0x0000000019c20000)]
  0x0000000018f54800 JavaThread "C2 CompilerThread2" daemon [_thread_in_native, id=10996, stack(0x0000000019a20000,0x0000000019b20000)]
=>0x0000000018f50800 JavaThread "C2 CompilerThread1" daemon [_thread_in_native, id=8076, stack(0x0000000019920000,0x0000000019a20000)]
  0x0000000018f4d000 JavaThread "C2 CompilerThread0" daemon [_thread_in_native, id=10604, stack(0x0000000019820000,0x0000000019920000)]
  0x0000000018f4b800 JavaThread "Attach Listener" daemon [_thread_blocked, id=15876, stack(0x0000000019720000,0x0000000019820000)]
  0x0000000018f48800 JavaThread "Signal Dispatcher" daemon [_thread_blocked, id=10188, stack(0x0000000019620000,0x0000000019720000)]
  0x000000000338d800 JavaThread "Finalizer" daemon [_thread_blocked, id=2784, stack(0x0000000019420000,0x0000000019520000)]
  0x0000000003385800 JavaThread "Reference Handler" daemon [_thread_blocked, id=16632, stack(0x0000000019320000,0x0000000019420000)]
  0x00000000019bd800 JavaThread "main" [_thread_blocked, id=9984, stack(0x0000000003190000,0x0000000003290000)]

Other Threads:
  0x0000000017148000 VMThread [stack: 0x0000000018e20000,0x0000000018f20000] [id=12700]
  0x0000000018fdb000 WatcherThread [stack: 0x0000000019d20000,0x0000000019e20000] [id=10964]

VM state:not at safepoint (normal execution)

VM Mutex/Monitor currently owned by a thread: None

heap address: 0x00000000a0000000, size: 1536 MB, Compressed Oops mode: 32-bit
Narrow klass base: 0x0000000000000000, Narrow klass shift: 3
Compressed class space size: 1073741824 Address: 0x0000000100000000

Heap:
 PSYoungGen      total 105472K, used 83578K [0x00000000e0000000, 0x00000000e8f80000, 0x0000000100000000)
  eden space 97280K, 77% used [0x00000000e0000000,0x00000000e49d6e20,0x00000000e5f00000)
  from space 8192K, 97% used [0x00000000e8780000,0x00000000e8f47c90,0x00000000e8f80000)
  to   space 10752K, 0% used [0x00000000e7a80000,0x00000000e7a80000,0x00000000e8500000)
 ParOldGen       total 39424K, used 11186K [0x00000000a0000000, 0x00000000a2680000, 0x00000000e0000000)
  object space 39424K, 28% used [0x00000000a0000000,0x00000000a0aecb20,0x00000000a2680000)
 Metaspace       used 32651K, capacity 33174K, committed 33408K, reserved 1077248K
  class space    used 4502K, capacity 4684K, committed 4736K, reserved 1048576K

Card table byte_map: [0x0000000012750000,0x0000000012a60000] byte_map_base: 0x0000000012250000

Marking Bits: (ParMarkBitMap*) 0x0000000061779f30
 Begin Bits: [0x0000000013460000, 0x0000000014c60000)
 End Bits:   [0x0000000014c60000, 0x0000000016460000)

Polling page: 0x00000000018e0000

CodeCache: size=245760Kb used=9354Kb max_used=9354Kb free=236405Kb
 bounds [0x0000000003390000, 0x0000000003cc0000, 0x0000000012390000]
 total_blobs=3133 nmethods=2447 adapters=599
 compilation: enabled

Compilation events (10 events):
Event: 8.119 Thread 0x0000000018f56800 2474       3       org.objectweb.asm.FieldWriter::<init> (69 bytes)
Event: 8.120 Thread 0x0000000018f56800 nmethod 2474 0x0000000003ca31d0 code [0x0000000003ca3380, 0x0000000003ca3948]
Event: 8.120 Thread 0x0000000018f56800 2475       3       org.objectweb.asm.FieldVisitor::<init> (7 bytes)
Event: 8.121 Thread 0x0000000018f56800 nmethod 2475 0x0000000003ca3b50 code [0x0000000003ca3cc0, 0x0000000003ca3e48]
Event: 8.121 Thread 0x0000000018f56800 2476       3       org.objectweb.asm.FieldVisitor::<init> (47 bytes)
Event: 8.121 Thread 0x0000000018f56800 nmethod 2476 0x0000000003ca3ed0 code [0x0000000003ca4040, 0x0000000003ca43c8]
Event: 8.121 Thread 0x0000000018f56800 2477       3       org.objectweb.asm.FieldWriter::computeFieldInfoSize (201 bytes)
Event: 8.122 Thread 0x0000000018f56800 nmethod 2477 0x0000000003ca44d0 code [0x0000000003ca46e0, 0x0000000003ca52a8]
Event: 8.122 Thread 0x0000000018f56800 2478       3       org.objectweb.asm.FieldWriter::putFieldInfo (418 bytes)
Event: 8.125 Thread 0x0000000018f56800 nmethod 2478 0x0000000003ca5590 code [0x0000000003ca5900, 0x0000000003ca6fd8]

GC Heap History (10 events):
Event: 3.145 GC heap before
{Heap before GC invocations=5 (full 0):
 PSYoungGen      total 35328K, used 35312K [0x00000000e0000000, 0x00000000e2500000, 0x0000000100000000)
  eden space 32768K, 100% used [0x00000000e0000000,0x00000000e2000000,0x00000000e2000000)
  from space 2560K, 99% used [0x00000000e2280000,0x00000000e24fc030,0x00000000e2500000)
  to   space 2560K, 0% used [0x00000000e2000000,0x00000000e2000000,0x00000000e2280000)
 ParOldGen       total 44032K, used 2038K [0x00000000a0000000, 0x00000000a2b00000, 0x00000000e0000000)
  object space 44032K, 4% used [0x00000000a0000000,0x00000000a01fd9a8,0x00000000a2b00000)
 Metaspace       used 13125K, capacity 13466K, committed 13824K, reserved 1060864K
  class space    used 1807K, capacity 1931K, committed 2048K, reserved 1048576K
Event: 3.155 GC heap after
Heap after GC invocations=5 (full 0):
 PSYoungGen      total 35328K, used 2544K [0x00000000e0000000, 0x00000000e4c00000, 0x0000000100000000)
  eden space 32768K, 0% used [0x00000000e0000000,0x00000000e0000000,0x00000000e2000000)
  from space 2560K, 99% used [0x00000000e2000000,0x00000000e227c010,0x00000000e2280000)
  to   space 6144K, 0% used [0x00000000e4600000,0x00000000e4600000,0x00000000e4c00000)
 ParOldGen       total 44032K, used 5954K [0x00000000a0000000, 0x00000000a2b00000, 0x00000000e0000000)
  object space 44032K, 13% used [0x00000000a0000000,0x00000000a05d0978,0x00000000a2b00000)
 Metaspace       used 13125K, capacity 13466K, committed 13824K, reserved 1060864K
  class space    used 1807K, capacity 1931K, committed 2048K, reserved 1048576K
}
Event: 3.753 GC heap before
{Heap before GC invocations=6 (full 0):
 PSYoungGen      total 35328K, used 35312K [0x00000000e0000000, 0x00000000e4c00000, 0x0000000100000000)
  eden space 32768K, 100% used [0x00000000e0000000,0x00000000e2000000,0x00000000e2000000)
  from space 2560K, 99% used [0x00000000e2000000,0x00000000e227c010,0x00000000e2280000)
  to   space 6144K, 0% used [0x00000000e4600000,0x00000000e4600000,0x00000000e4c00000)
 ParOldGen       total 44032K, used 5954K [0x00000000a0000000, 0x00000000a2b00000, 0x00000000e0000000)
  object space 44032K, 13% used [0x00000000a0000000,0x00000000a05d0978,0x00000000a2b00000)
 Metaspace       used 15736K, capacity 16112K, committed 16256K, reserved 1062912K
  class space    used 2247K, capacity 2392K, committed 2432K, reserved 1048576K
Event: 3.764 GC heap after
Heap after GC invocations=6 (full 0):
 PSYoungGen      total 70656K, used 6129K [0x00000000e0000000, 0x00000000e4e00000, 0x0000000100000000)
  eden space 64512K, 0% used [0x00000000e0000000,0x00000000e0000000,0x00000000e3f00000)
  from space 6144K, 99% used [0x00000000e4600000,0x00000000e4bfc7b8,0x00000000e4c00000)
  to   space 7168K, 0% used [0x00000000e3f00000,0x00000000e3f00000,0x00000000e4600000)
 ParOldGen       total 44032K, used 6297K [0x00000000a0000000, 0x00000000a2b00000, 0x00000000e0000000)
  object space 44032K, 14% used [0x00000000a0000000,0x00000000a06266f8,0x00000000a2b00000)
 Metaspace       used 15736K, capacity 16112K, committed 16256K, reserved 1062912K
  class space    used 2247K, capacity 2392K, committed 2432K, reserved 1048576K
}
Event: 5.082 GC heap before
{Heap before GC invocations=7 (full 0):
 PSYoungGen      total 70656K, used 54993K [0x00000000e0000000, 0x00000000e4e00000, 0x0000000100000000)
  eden space 64512K, 75% used [0x00000000e0000000,0x00000000e2fb7dd8,0x00000000e3f00000)
  from space 6144K, 99% used [0x00000000e4600000,0x00000000e4bfc7b8,0x00000000e4c00000)
  to   space 7168K, 0% used [0x00000000e3f00000,0x00000000e3f00000,0x00000000e4600000)
 ParOldGen       total 44032K, used 6297K [0x00000000a0000000, 0x00000000a2b00000, 0x00000000e0000000)
  object space 44032K, 14% used [0x00000000a0000000,0x00000000a06266f8,0x00000000a2b00000)
 Metaspace       used 20688K, capacity 21182K, committed 21296K, reserved 1067008K
  class space    used 2956K, capacity 3151K, committed 3200K, reserved 1048576K
Event: 5.099 GC heap after
Heap after GC invocations=7 (full 0):
 PSYoungGen      total 71680K, used 7144K [0x00000000e0000000, 0x00000000e9100000, 0x0000000100000000)
  eden space 64512K, 0% used [0x00000000e0000000,0x00000000e0000000,0x00000000e3f00000)
  from space 7168K, 99% used [0x00000000e3f00000,0x00000000e45fa1f0,0x00000000e4600000)
  to   space 9728K, 0% used [0x00000000e8780000,0x00000000e8780000,0x00000000e9100000)
 ParOldGen       total 44032K, used 9024K [0x00000000a0000000, 0x00000000a2b00000, 0x00000000e0000000)
  object space 44032K, 20% used [0x00000000a0000000,0x00000000a08d00f0,0x00000000a2b00000)
 Metaspace       used 20688K, capacity 21182K, committed 21296K, reserved 1067008K
  class space    used 2956K, capacity 3151K, committed 3200K, reserved 1048576K
}
Event: 5.099 GC heap before
{Heap before GC invocations=8 (full 1):
 PSYoungGen      total 71680K, used 7144K [0x00000000e0000000, 0x00000000e9100000, 0x0000000100000000)
  eden space 64512K, 0% used [0x00000000e0000000,0x00000000e0000000,0x00000000e3f00000)
  from space 7168K, 99% used [0x00000000e3f00000,0x00000000e45fa1f0,0x00000000e4600000)
  to   space 9728K, 0% used [0x00000000e8780000,0x00000000e8780000,0x00000000e9100000)
 ParOldGen       total 44032K, used 9024K [0x00000000a0000000, 0x00000000a2b00000, 0x00000000e0000000)
  object space 44032K, 20% used [0x00000000a0000000,0x00000000a08d00f0,0x00000000a2b00000)
 Metaspace       used 20688K, capacity 21182K, committed 21296K, reserved 1067008K
  class space    used 2956K, capacity 3151K, committed 3200K, reserved 1048576K
Event: 5.160 GC heap after
Heap after GC invocations=8 (full 1):
 PSYoungGen      total 71680K, used 0K [0x00000000e0000000, 0x00000000e9100000, 0x0000000100000000)
  eden space 64512K, 0% used [0x00000000e0000000,0x00000000e0000000,0x00000000e3f00000)
  from space 7168K, 0% used [0x00000000e3f00000,0x00000000e3f00000,0x00000000e4600000)
  to   space 9728K, 0% used [0x00000000e8780000,0x00000000e8780000,0x00000000e9100000)
 ParOldGen       total 39424K, used 11178K [0x00000000a0000000, 0x00000000a2680000, 0x00000000e0000000)
  object space 39424K, 28% used [0x00000000a0000000,0x00000000a0aeab20,0x00000000a2680000)
 Metaspace       used 20688K, capacity 21182K, committed 21296K, reserved 1067008K
  class space    used 2956K, capacity 3151K, committed 3200K, reserved 1048576K
}
Event: 7.081 GC heap before
{Heap before GC invocations=9 (full 1):
 PSYoungGen      total 71680K, used 64512K [0x00000000e0000000, 0x00000000e9100000, 0x0000000100000000)
  eden space 64512K, 100% used [0x00000000e0000000,0x00000000e3f00000,0x00000000e3f00000)
  from space 7168K, 0% used [0x00000000e3f00000,0x00000000e3f00000,0x00000000e4600000)
  to   space 9728K, 0% used [0x00000000e8780000,0x00000000e8780000,0x00000000e9100000)
 ParOldGen       total 39424K, used 11178K [0x00000000a0000000, 0x00000000a2680000, 0x00000000e0000000)
  object space 39424K, 28% used [0x00000000a0000000,0x00000000a0aeab20,0x00000000a2680000)
 Metaspace       used 28906K, capacity 29490K, committed 29696K, reserved 1075200K
  class space    used 3904K, capacity 4096K, committed 4096K, reserved 1048576K
Event: 7.094 GC heap after
Heap after GC invocations=9 (full 1):
 PSYoungGen      total 105472K, used 7967K [0x00000000e0000000, 0x00000000e8f80000, 0x0000000100000000)
  eden space 97280K, 0% used [0x00000000e0000000,0x00000000e0000000,0x00000000e5f00000)
  from space 8192K, 97% used [0x00000000e8780000,0x00000000e8f47c90,0x00000000e8f80000)
  to   space 10752K, 0% used [0x00000000e7a80000,0x00000000e7a80000,0x00000000e8500000)
 ParOldGen       total 39424K, used 11186K [0x00000000a0000000, 0x00000000a2680000, 0x00000000e0000000)
  object space 39424K, 28% used [0x00000000a0000000,0x00000000a0aecb20,0x00000000a2680000)
 Metaspace       used 28906K, capacity 29490K, committed 29696K, reserved 1075200K
  class space    used 3904K, capacity 4096K, committed 4096K, reserved 1048576K
}

Deoptimization events (10 events):
Event: 6.562 Thread 0x000000001ab8f800 Uncommon trap: reason=unstable_if action=reinterpret pc=0x00000000036773b0 method=java.util.LinkedHashMap.afterNodeInsertion(Z)V @ 1
Event: 7.034 Thread 0x000000001ab8f800 Uncommon trap: reason=unstable_if action=reinterpret pc=0x0000000003ba7d4c method=java.util.WeakHashMap.put(Ljava/lang/Object;Ljava/lang/Object;)Ljava/lang/Object; @ 72
Event: 7.095 Thread 0x0000000003385800 Uncommon trap: reason=unstable_if action=reinterpret pc=0x0000000003994fb8 method=java.lang.ref.Reference.tryHandlePending(Z)Z @ 104
Event: 7.147 Thread 0x000000001ab8f800 Uncommon trap: reason=class_check action=maybe_recompile pc=0x0000000003991850 method=sun.misc.URLClassPath.getLoader(I)Lsun/misc/URLClassPath$Loader; @ 94
Event: 7.158 Thread 0x000000001ab8f800 Uncommon trap: reason=class_check action=maybe_recompile pc=0x0000000003999340 method=sun.misc.URLClassPath.getLoader(I)Lsun/misc/URLClassPath$Loader; @ 239
Event: 7.327 Thread 0x000000001ab8f800 Uncommon trap: reason=unstable_if action=reinterpret pc=0x000000000364910c method=java.io.WinNTFileSystem.resolve(Ljava/lang/String;Ljava/lang/String;)Ljava/lang/String; @ 49
Event: 7.408 Thread 0x000000001ab8f800 Uncommon trap: reason=unstable_if action=reinterpret pc=0x0000000003c17e38 method=org.codehaus.groovy.runtime.metaclass.MetaMethodIndex.addMethodToList(Ljava/lang/Object;Lgroovy/lang/MetaMethod;)Ljava/lang/Object; @ 226
Event: 8.066 Thread 0x000000001ab8f800 Uncommon trap: reason=unstable_if action=reinterpret pc=0x0000000003605c98 method=java.net.URI.match(CJJ)Z @ 45
Event: 8.067 Thread 0x000000001ab8f800 Uncommon trap: reason=unstable_if action=reinterpret pc=0x00000000034f43a0 method=java.net.URI.match(CJJ)Z @ 45
Event: 8.068 Thread 0x000000001ab8f800 Uncommon trap: reason=unstable_if action=reinterpret pc=0x00000000034f5060 method=java.net.URI.match(CJJ)Z @ 45

Classes redefined (0 events):
No events

Internal exceptions (10 events):
Event: 7.441 Thread 0x000000001ab8f800 Exception <a 'java/lang/ClassNotFoundException': org/gradle/api/internal/DefaultDomainObjectCollectionCustomizer> (0x00000000e127a560) thrown at [D:\src\AOSP-openjdk-cygwin\jdk8u\hotspot\src\share\vm\classfile\systemDictionary.cpp, line 210]
Event: 7.444 Thread 0x000000001ab8f800 Exception <a 'java/lang/ClassNotFoundException': org/gradle/api/internal/DefaultNamedDomainObjectCollectionCustomizer> (0x00000000e12d3250) thrown at [D:\src\AOSP-openjdk-cygwin\jdk8u\hotspot\src\share\vm\classfile\systemDictionary.cpp, line 210]
Event: 7.450 Thread 0x000000001ab8f800 Exception <a 'java/lang/ClassNotFoundException': org/gradle/api/internal/DefaultNamedDomainObjectListCustomizer> (0x00000000e13418d8) thrown at [D:\src\AOSP-openjdk-cygwin\jdk8u\hotspot\src\share\vm\classfile\systemDictionary.cpp, line 210]
Event: 7.454 Thread 0x000000001ab8f800 Exception <a 'java/lang/ClassNotFoundException': org/gradle/api/internal/artifacts/DefaultArtifactRepositoryContainerCustomizer> (0x00000000e13ae140) thrown at [D:\src\AOSP-openjdk-cygwin\jdk8u\hotspot\src\share\vm\classfile\systemDictionary.cpp, line 210
Event: 7.457 Thread 0x000000001ab8f800 Exception <a 'java/lang/ClassNotFoundException': org/gradle/api/internal/artifacts/dsl/DefaultRepositoryHandlerCustomizer> (0x00000000e140b6e0) thrown at [D:\src\AOSP-openjdk-cygwin\jdk8u\hotspot\src\share\vm\classfile\systemDictionary.cpp, line 210]
Event: 7.461 Thread 0x000000001ab8f800 Exception <a 'java/lang/ClassNotFoundException': org/gradle/api/internal/artifacts/dsl/DefaultRepositoryHandler_DecoratedCustomizer> (0x00000000e147eb10) thrown at [D:\src\AOSP-openjdk-cygwin\jdk8u\hotspot\src\share\vm\classfile\systemDictionary.cpp, line
Event: 8.027 Thread 0x000000001ab8f800 Exception <a 'java/lang/ClassNotFoundException': org/gradle/api/internal/artifacts/dsl/dependencies/DefaultDependencyHandler_DecoratedBeanInfo> (0x00000000e34b3c80) thrown at [D:\src\AOSP-openjdk-cygwin\jdk8u\hotspot\src\share\vm\classfile\systemDictionar
Event: 8.028 Thread 0x000000001ab8f800 Exception <a 'java/lang/ClassNotFoundException': org/gradle/api/internal/artifacts/dsl/dependencies/DefaultDependencyHandlerBeanInfo> (0x00000000e35032a0) thrown at [D:\src\AOSP-openjdk-cygwin\jdk8u\hotspot\src\share\vm\classfile\systemDictionary.cpp, lin
Event: 8.030 Thread 0x000000001ab8f800 Exception <a 'java/lang/ClassNotFoundException': org/gradle/api/internal/artifacts/dsl/dependencies/DefaultDependencyHandlerCustomizer> (0x00000000e35537c0) thrown at [D:\src\AOSP-openjdk-cygwin\jdk8u\hotspot\src\share\vm\classfile\systemDictionary.cpp, l
Event: 8.034 Thread 0x000000001ab8f800 Exception <a 'java/lang/ClassNotFoundException': org/gradle/api/internal/artifacts/dsl/dependencies/DefaultDependencyHandler_DecoratedCustomizer> (0x00000000e35d75a0) thrown at [D:\src\AOSP-openjdk-cygwin\jdk8u\hotspot\src\share\vm\classfile\systemDiction

Events (10 events):
Event: 8.140 loading class org/gradle/api/internal/artifacts/ivyservice/resolveengine/artifact/VisitedFileDependencyResults
Event: 8.140 loading class org/gradle/api/internal/artifacts/ivyservice/resolveengine/artifact/VisitedFileDependencyResults done
Event: 8.141 loading class org/gradle/api/internal/artifacts/ivyservice/resolveengine/oldresult/ResolutionFailureCollector
Event: 8.141 loading class org/gradle/api/internal/artifacts/ivyservice/resolveengine/oldresult/ResolutionFailureCollector done
Event: 8.142 loading class org/gradle/api/internal/artifacts/ivyservice/resolveengine/graph/CompositeDependencyGraphVisitor
Event: 8.142 loading class org/gradle/api/internal/artifacts/ivyservice/resolveengine/graph/CompositeDependencyGraphVisitor done
Event: 8.142 loading class org/gradle/api/internal/artifacts/ivyservice/resolveengine/graph/CompositeDependencyArtifactsVisitor
Event: 8.142 loading class org/gradle/api/internal/artifacts/ivyservice/resolveengine/graph/CompositeDependencyArtifactsVisitor done
Event: 8.143 loading class org/gradle/api/internal/artifacts/ivyservice/resolveengine/artifact/ValidatingArtifactsVisitor
Event: 8.143 loading class org/gradle/api/internal/artifacts/ivyservice/resolveengine/artifact/ValidatingArtifactsVisitor done


Dynamic libraries:
0x00007ff683000000 - 0x00007ff683031000 	D:\android studio\jre\bin\java.exe
0x00007ffd6de00000 - 0x00007ffd6dff0000 	C:\windows\SYSTEM32\ntdll.dll
0x00007ffd6beb0000 - 0x00007ffd6bf62000 	C:\windows\System32\KERNEL32.DLL
0x00007ffd6b040000 - 0x00007ffd6b2e3000 	C:\windows\System32\KERNELBASE.dll
0x00007ffd6c7d0000 - 0x00007ffd6c873000 	C:\windows\System32\ADVAPI32.dll
0x00007ffd6cab0000 - 0x00007ffd6cb4e000 	C:\windows\System32\msvcrt.dll
0x00007ffd6c2b0000 - 0x00007ffd6c347000 	C:\windows\System32\sechost.dll
0x00007ffd6c420000 - 0x00007ffd6c540000 	C:\windows\System32\RPCRT4.dll
0x00007ffd6d730000 - 0x00007ffd6d8c4000 	C:\windows\System32\USER32.dll
0x00007ffd6be80000 - 0x00007ffd6bea1000 	C:\windows\System32\win32u.dll
0x00007ffd6c680000 - 0x00007ffd6c6a6000 	C:\windows\System32\GDI32.dll
0x00007ffd6b490000 - 0x00007ffd6b624000 	C:\windows\System32\gdi32full.dll
0x00007ffd6b3f0000 - 0x00007ffd6b48e000 	C:\windows\System32\msvcp_win.dll
0x00007ffd6b2f0000 - 0x00007ffd6b3ea000 	C:\windows\System32\ucrtbase.dll
0x00007ffd54140000 - 0x00007ffd543c5000 	C:\windows\WinSxS\amd64_microsoft.windows.common-controls_6595b64144ccf1df_6.0.18362.693_none_e6c1b3c11311d480\COMCTL32.dll
0x00007ffd6cb50000 - 0x00007ffd6ce86000 	C:\windows\System32\combase.dll
0x00007ffd6b630000 - 0x00007ffd6b6b0000 	C:\windows\System32\bcryptPrimitives.dll
0x00007ffd6c280000 - 0x00007ffd6c2ae000 	C:\windows\System32\IMM32.DLL
0x0000000060aa0000 - 0x0000000060b72000 	D:\android studio\jre\jre\bin\msvcr100.dll
0x0000000060fb0000 - 0x00000000617f6000 	D:\android studio\jre\jre\bin\server\jvm.dll
0x00007ffd6ce90000 - 0x00007ffd6ce98000 	C:\windows\System32\PSAPI.DLL
0x00007ffd64220000 - 0x00007ffd6422a000 	C:\windows\SYSTEM32\VERSION.dll
0x00007ffd689c0000 - 0x00007ffd689e4000 	C:\windows\SYSTEM32\WINMM.dll
0x00007ffd49e60000 - 0x00007ffd49e69000 	C:\windows\SYSTEM32\WSOCK32.dll
0x00007ffd6c540000 - 0x00007ffd6c5af000 	C:\windows\System32\WS2_32.dll
0x00007ffd68990000 - 0x00007ffd689bd000 	C:\windows\SYSTEM32\winmmbase.dll
0x00007ffd6b6b0000 - 0x00007ffd6b6fa000 	C:\windows\System32\cfgmgr32.dll
0x00007ffd49d90000 - 0x00007ffd49d9f000 	D:\android studio\jre\jre\bin\verify.dll
0x00007ffd394e0000 - 0x00007ffd39509000 	D:\android studio\jre\jre\bin\java.dll
0x00007ffd397c0000 - 0x00007ffd397d6000 	D:\android studio\jre\jre\bin\zip.dll
0x00007ffd6cf90000 - 0x00007ffd6d676000 	C:\windows\System32\SHELL32.dll
0x00007ffd6c720000 - 0x00007ffd6c7c9000 	C:\windows\System32\shcore.dll
0x00007ffd6b700000 - 0x00007ffd6be80000 	C:\windows\System32\windows.storage.dll
0x00007ffd6ad60000 - 0x00007ffd6ad89000 	C:\windows\System32\Wldp.dll
0x00007ffd6adc0000 - 0x00007ffd6af09000 	C:\windows\System32\CRYPT32.dll
0x00007ffd6aca0000 - 0x00007ffd6acb2000 	C:\windows\System32\MSASN1.dll
0x00007ffd6af10000 - 0x00007ffd6af6c000 	C:\windows\System32\WINTRUST.dll
0x00007ffd6ad30000 - 0x00007ffd6ad53000 	C:\windows\System32\profapi.dll
0x00007ffd6ace0000 - 0x00007ffd6ad2a000 	C:\windows\System32\powrprof.dll
0x00007ffd6ac90000 - 0x00007ffd6aca0000 	C:\windows\System32\UMPDC.dll
0x00007ffd6c6b0000 - 0x00007ffd6c702000 	C:\windows\System32\shlwapi.dll
0x00007ffd6acc0000 - 0x00007ffd6acd1000 	C:\windows\System32\kernel.appcore.dll
0x00007ffd6af70000 - 0x00007ffd6af87000 	C:\windows\System32\cryptsp.dll
0x00007ffd38b70000 - 0x00007ffd38b8a000 	D:\android studio\jre\jre\bin\net.dll
0x00007ffd6a4d0000 - 0x00007ffd6a537000 	C:\windows\system32\mswsock.dll
0x00007ffd350c0000 - 0x00007ffd350d1000 	D:\android studio\jre\jre\bin\nio.dll
0x00007ffd52520000 - 0x00007ffd52546000 	C:\Users\Adithya Sai\.gradle\native\29\windows-amd64\native-platform.dll
0x00007ffd48610000 - 0x00007ffd4861d000 	D:\android studio\jre\jre\bin\management.dll
0x00007ffd6a040000 - 0x00007ffd6a073000 	C:\windows\system32\rsaenh.dll
0x00007ffd6ad90000 - 0x00007ffd6adb6000 	C:\windows\System32\bcrypt.dll
0x00007ffd6abb0000 - 0x00007ffd6abd5000 	C:\windows\SYSTEM32\USERENV.dll
0x00007ffd6a6a0000 - 0x00007ffd6a6ac000 	C:\windows\SYSTEM32\CRYPTBASE.dll
0x00007ffd6a1e0000 - 0x00007ffd6a21a000 	C:\windows\SYSTEM32\IPHLPAPI.DLL
0x00007ffd6cea0000 - 0x00007ffd6cea8000 	C:\windows\System32\NSI.dll
0x00007ffd61c00000 - 0x00007ffd61c16000 	C:\windows\SYSTEM32\dhcpcsvc6.DLL
0x00007ffd61ce0000 - 0x00007ffd61cfc000 	C:\windows\SYSTEM32\dhcpcsvc.DLL
0x00007ffd6a220000 - 0x00007ffd6a2ea000 	C:\windows\SYSTEM32\DNSAPI.dll

VM Arguments:
jvm_args: -Xmx1536m -Dfile.encoding=windows-1252 -Duser.country=IN -Duser.language=en -Duser.variant 
java_command: org.gradle.launcher.daemon.bootstrap.GradleDaemon 5.4.1
java_class_path (initial): C:\Users\Adithya Sai\.gradle\wrapper\dists\gradle-5.4.1-all\3221gyojl5jsh0helicew7rwx\gradle-5.4.1\lib\gradle-launcher-5.4.1.jar
Launcher Type: SUN_STANDARD

Environment Variables:
JAVA_HOME=C:\Program Files\Java\jdk-13
PATH=C:\Program Files (x86)\Python38-32\Scripts\;C:\Program Files (x86)\Python38-32\;C:\windows\system32;C:\windows;C:\windows\System32\Wbem;C:\windows\System32\WindowsPowerShell\v1.0\;C:\windows\System32\OpenSSH\;C:\Program Files\Java\jdk-13\bin;C:\Users\Adithya Sai\AppData\Local\Android\Sdk\platform-tools;D:\java\bin;D:\git\Git\cmd;C:\Users\Adithya Sai\AppData\Local\Microsoft\WindowsApps;
USERNAME=Adithya Sai
OS=Windows_NT
PROCESSOR_IDENTIFIER=Intel64 Family 6 Model 142 Stepping 12, GenuineIntel



---------------  S Y S T E M  ---------------

OS: Windows 10.0 , 64 bit Build 18362 (10.0.18362.329)

CPU:total 8 (initial active 8) (4 cores per cpu, 2 threads per core) family 6 model 142 stepping 12, cmov, cx8, fxsr, mmx, sse, sse2, sse3, ssse3, sse4.1, sse4.2, popcnt, avx, avx2, aes, clmul, erms, 3dnowpref, lzcnt, ht, tsc, tscinvbit, bmi1, bmi2, adx

Memory: 4k page, physical 4077876k(203548k free), swap 16660788k(872k free)

vm_info: OpenJDK 64-Bit Server VM (25.202-b03) for windows-amd64 JRE (1.8.0_202-release-1483-b03), built by "builder" with MS VC++ 10.0 (VS2010)

time: Thu Mar 19 19:02:47 2020
timezone: India Standard Time
elapsed time: 8 seconds (0d 0h 0m 8s)

