#
# There is insufficient memory for the Java Runtime Environment to continue.
# Native memory allocation (malloc) failed to allocate 858816 bytes for Chunk::new
# Possible reasons:
#   The system is out of physical RAM or swap space
#   The process is running with CompressedOops enabled, and the Java Heap may be blocking the growth of the native heap
# Possible solutions:
#   Reduce memory load on the system
#   Increase physical memory or swap space
#   Check if swap backing store is full
#   Decrease Java heap size (-Xmx/-Xms)
#   Decrease number of Java threads
#   Decrease Java thread stack sizes (-Xss)
#   Set larger code cache with -XX:ReservedCodeCacheSize=
#   JVM is running with Unscaled Compressed Oops mode in which the Java heap is
#     placed in the first 4GB address space. The Java Heap base address is the
#     maximum limit for the native heap growth. Please use -XX:HeapBaseMinAddress
#     to set the Java Heap base and to place the Java Heap above 4GB virtual address.
# This output file may be truncated or incomplete.
#
#  Out of Memory Error (allocation.cpp:389), pid=11440, tid=0x00000000000024e0
#
# JRE version: OpenJDK Runtime Environment (8.0_202-b03) (build 1.8.0_202-release-1483-b03)
# Java VM: OpenJDK 64-Bit Server VM (25.202-b03 mixed mode windows-amd64 compressed oops)
# Failed to write core dump. Minidumps are not enabled by default on client versions of Windows
#

---------------  T H R E A D  ---------------

Current thread (0x0000000018d51800):  JavaThread "C2 CompilerThread1" daemon [_thread_in_native, id=9440, stack(0x0000000019720000,0x0000000019820000)]

Stack: [0x0000000019720000,0x0000000019820000]
[error occurred during error reporting (printing stack bounds), id 0xc0000005]

Native frames: (J=compiled Java code, j=interpreted, Vv=VM code, C=native code)


Current CompileTask:
C2:   4537 1399   !   4       java.net.URLClassLoader$1::run (63 bytes)


---------------  P R O C E S S  ---------------

Java Threads: ( => current thread )
  0x000000001a9c9800 JavaThread "Cache worker for journal cache (C:\Users\Adithya Sai\.gradle\caches\journal-1)" [_thread_blocked, id=12316, stack(0x000000001d840000,0x000000001d940000)]
  0x000000001a9ca800 JavaThread "File lock request listener" [_thread_in_native, id=9300, stack(0x000000001d740000,0x000000001d840000)]
  0x000000001a9ce000 JavaThread "Cache worker for file hash cache (C:\Users\Adithya Sai\.gradle\caches\5.4.1\fileHashes)" [_thread_blocked, id=10888, stack(0x000000001d640000,0x000000001d740000)]
  0x000000001aff6000 JavaThread "Thread-9" [_thread_blocked, id=11020, stack(0x000000001d540000,0x000000001d640000)]
  0x000000001ac48000 JavaThread "Stdin handler" [_thread_blocked, id=3828, stack(0x000000001d440000,0x000000001d540000)]
  0x000000001ac45000 JavaThread "Asynchronous log dispatcher for DefaultDaemonConnection: socket connection from /127.0.0.1:50163 to /127.0.0.1:50164" [_thread_blocked, id=14648, stack(0x000000001d340000,0x000000001d440000)]
  0x000000001b4f7000 JavaThread "Daemon worker" [_thread_in_native, id=10464, stack(0x000000001d240000,0x000000001d340000)]
  0x000000001b4f2000 JavaThread "Cancel handler" [_thread_blocked, id=13556, stack(0x000000001d140000,0x000000001d240000)]
  0x000000001b178800 JavaThread "Handler for socket connection from /127.0.0.1:50163 to /127.0.0.1:50164" [_thread_in_native, id=2648, stack(0x000000001ce40000,0x000000001cf40000)]
  0x000000001b177000 JavaThread "Daemon" [_thread_blocked, id=11556, stack(0x000000001cd40000,0x000000001ce40000)]
  0x000000001ab38000 JavaThread "Daemon periodic checks" [_thread_blocked, id=13044, stack(0x000000001cc40000,0x000000001cd40000)]
  0x000000001ab63000 JavaThread "Incoming local TCP Connector on port 50163" [_thread_in_native, id=4324, stack(0x000000001ca00000,0x000000001cb00000)]
  0x000000001acbc000 JavaThread "Daemon health stats" [_thread_blocked, id=7552, stack(0x000000001c3c0000,0x000000001c4c0000)]
  0x0000000018d75000 JavaThread "Service Thread" daemon [_thread_blocked, id=9484, stack(0x0000000019a20000,0x0000000019b20000)]
  0x0000000018d56800 JavaThread "C1 CompilerThread3" daemon [_thread_in_native, id=9428, stack(0x0000000019920000,0x0000000019a20000)]
  0x0000000018d55800 JavaThread "C2 CompilerThread2" daemon [_thread_in_native, id=9444, stack(0x0000000019820000,0x0000000019920000)]
=>0x0000000018d51800 JavaThread "C2 CompilerThread1" daemon [_thread_in_native, id=9440, stack(0x0000000019720000,0x0000000019820000)]
  0x0000000018d4e000 JavaThread "C2 CompilerThread0" daemon [_thread_blocked, id=9436, stack(0x0000000019620000,0x0000000019720000)]
  0x0000000018d4c800 JavaThread "Attach Listener" daemon [_thread_blocked, id=9432, stack(0x0000000019520000,0x0000000019620000)]
  0x0000000018d49000 JavaThread "Signal Dispatcher" daemon [_thread_blocked, id=10932, stack(0x0000000019420000,0x0000000019520000)]
  0x000000000314d800 JavaThread "Finalizer" daemon [_thread_blocked, id=9328, stack(0x0000000019220000,0x0000000019320000)]
  0x0000000003144000 JavaThread "Reference Handler" daemon [_thread_blocked, id=7628, stack(0x0000000019120000,0x0000000019220000)]
  0x0000000002f4d800 JavaThread "main" [_thread_blocked, id=7632, stack(0x0000000002f50000,0x0000000003050000)]

Other Threads:
  0x0000000016f09000 VMThread [stack: 0x0000000018c20000,0x0000000018d20000] [id=9036]
  0x0000000018d76000 WatcherThread [stack: 0x0000000019b20000,0x0000000019c20000] [id=9488]

VM state:not at safepoint (normal execution)

VM Mutex/Monitor currently owned by a thread: None

heap address: 0x00000000a0000000, size: 1536 MB, Compressed Oops mode: 32-bit
Narrow klass base: 0x0000000000000000, Narrow klass shift: 3
Compressed class space size: 1073741824 Address: 0x0000000100000000

Heap:
 PSYoungGen      total 37888K, used 7430K [0x00000000e0000000, 0x00000000e2b00000, 0x0000000100000000)
  eden space 31744K, 4% used [0x00000000e0000000,0x00000000e0147750,0x00000000e1f00000)
  from space 6144K, 99% used [0x00000000e2500000,0x00000000e2afa238,0x00000000e2b00000)
  to   space 2560K, 0% used [0x00000000e2000000,0x00000000e2000000,0x00000000e2280000)
 ParOldGen       total 44032K, used 6458K [0x00000000a0000000, 0x00000000a2b00000, 0x00000000e0000000)
  object space 44032K, 14% used [0x00000000a0000000,0x00000000a064eba8,0x00000000a2b00000)
 Metaspace       used 15824K, capacity 16212K, committed 16512K, reserved 1062912K
  class space    used 2262K, capacity 2414K, committed 2432K, reserved 1048576K

Card table byte_map: [0x0000000012510000,0x0000000012820000] byte_map_base: 0x0000000012010000

Marking Bits: (ParMarkBitMap*) 0x0000000059ec9f30
 Begin Bits: [0x0000000013220000, 0x0000000014a20000)
 End Bits:   [0x0000000014a20000, 0x0000000016220000)

Polling page: 0x00000000011c0000

CodeCache: size=245760Kb used=5165Kb max_used=5180Kb free=240594Kb
 bounds [0x0000000003150000, 0x0000000003670000, 0x0000000012150000]
 total_blobs=1851 nmethods=1463 adapters=301
 compilation: enabled

Compilation events (10 events):
Event: 4.377 Thread 0x0000000018d4e000 1419       4       com.google.common.base.CharMatcher$Is::matches (14 bytes)
Event: 4.378 Thread 0x0000000018d4e000 nmethod 1419 0x0000000003655990 code [0x0000000003655ac0, 0x0000000003655b38]
Event: 4.378 Thread 0x0000000018d4e000 1456 %     4       com.google.common.io.LineBuffer::add @ 47 (204 bytes)
Event: 4.389 Thread 0x0000000018d56800 1461       3       sun.reflect.ReflectionFactory::checkInitted (19 bytes)
Event: 4.389 Thread 0x0000000018d56800 nmethod 1461 0x0000000003654e50 code [0x0000000003654fc0, 0x0000000003655288]
Event: 4.389 Thread 0x0000000018d56800 1462       3       java.io.OutputStream::<init> (5 bytes)
Event: 4.389 Thread 0x0000000018d56800 nmethod 1462 0x0000000003658410 code [0x0000000003658580, 0x0000000003658730]
Event: 4.389 Thread 0x0000000018d56800 1463       3       sun.misc.ProxyGenerator::dotToSlash (9 bytes)
Event: 4.389 Thread 0x0000000018d56800 nmethod 1463 0x0000000003657fd0 code [0x0000000003658140, 0x0000000003658348]
Event: 4.393 Thread 0x0000000018d56800 1464       3       org.gradle.internal.service.DefaultServiceRegistry::find (149 bytes)

GC Heap History (10 events):
Event: 1.217 GC heap before
{Heap before GC invocations=1 (full 0):
 PSYoungGen      total 18944K, used 16384K [0x00000000e0000000, 0x00000000e1500000, 0x0000000100000000)
  eden space 16384K, 100% used [0x00000000e0000000,0x00000000e1000000,0x00000000e1000000)
  from space 2560K, 0% used [0x00000000e1280000,0x00000000e1280000,0x00000000e1500000)
  to   space 2560K, 0% used [0x00000000e1000000,0x00000000e1000000,0x00000000e1280000)
 ParOldGen       total 44032K, used 0K [0x00000000a0000000, 0x00000000a2b00000, 0x00000000e0000000)
  object space 44032K, 0% used [0x00000000a0000000,0x00000000a0000000,0x00000000a2b00000)
 Metaspace       used 6182K, capacity 6384K, committed 6528K, reserved 1056768K
  class space    used 759K, capacity 812K, committed 896K, reserved 1048576K
Event: 1.221 GC heap after
Heap after GC invocations=1 (full 0):
 PSYoungGen      total 18944K, used 2537K [0x00000000e0000000, 0x00000000e1500000, 0x0000000100000000)
  eden space 16384K, 0% used [0x00000000e0000000,0x00000000e0000000,0x00000000e1000000)
  from space 2560K, 99% used [0x00000000e1000000,0x00000000e127a768,0x00000000e1280000)
  to   space 2560K, 0% used [0x00000000e1280000,0x00000000e1280000,0x00000000e1500000)
 ParOldGen       total 44032K, used 274K [0x00000000a0000000, 0x00000000a2b00000, 0x00000000e0000000)
  object space 44032K, 0% used [0x00000000a0000000,0x00000000a00448e0,0x00000000a2b00000)
 Metaspace       used 6182K, capacity 6384K, committed 6528K, reserved 1056768K
  class space    used 759K, capacity 812K, committed 896K, reserved 1048576K
}
Event: 1.465 GC heap before
{Heap before GC invocations=2 (full 0):
 PSYoungGen      total 18944K, used 18921K [0x00000000e0000000, 0x00000000e1500000, 0x0000000100000000)
  eden space 16384K, 100% used [0x00000000e0000000,0x00000000e1000000,0x00000000e1000000)
  from space 2560K, 99% used [0x00000000e1000000,0x00000000e127a768,0x00000000e1280000)
  to   space 2560K, 0% used [0x00000000e1280000,0x00000000e1280000,0x00000000e1500000)
 ParOldGen       total 44032K, used 274K [0x00000000a0000000, 0x00000000a2b00000, 0x00000000e0000000)
  object space 44032K, 0% used [0x00000000a0000000,0x00000000a00448e0,0x00000000a2b00000)
 Metaspace       used 6975K, capacity 7184K, committed 7424K, reserved 1056768K
  class space    used 850K, capacity 908K, committed 1024K, reserved 1048576K
Event: 1.468 GC heap after
Heap after GC invocations=2 (full 0):
 PSYoungGen      total 18944K, used 2530K [0x00000000e0000000, 0x00000000e1500000, 0x0000000100000000)
  eden space 16384K, 0% used [0x00000000e0000000,0x00000000e0000000,0x00000000e1000000)
  from space 2560K, 98% used [0x00000000e1280000,0x00000000e14f8a18,0x00000000e1500000)
  to   space 2560K, 0% used [0x00000000e1000000,0x00000000e1000000,0x00000000e1280000)
 ParOldGen       total 44032K, used 770K [0x00000000a0000000, 0x00000000a2b00000, 0x00000000e0000000)
  object space 44032K, 1% used [0x00000000a0000000,0x00000000a00c0998,0x00000000a2b00000)
 Metaspace       used 6975K, capacity 7184K, committed 7424K, reserved 1056768K
  class space    used 850K, capacity 908K, committed 1024K, reserved 1048576K
}
Event: 1.675 GC heap before
{Heap before GC invocations=3 (full 0):
 PSYoungGen      total 18944K, used 18914K [0x00000000e0000000, 0x00000000e1500000, 0x0000000100000000)
  eden space 16384K, 100% used [0x00000000e0000000,0x00000000e1000000,0x00000000e1000000)
  from space 2560K, 98% used [0x00000000e1280000,0x00000000e14f8a18,0x00000000e1500000)
  to   space 2560K, 0% used [0x00000000e1000000,0x00000000e1000000,0x00000000e1280000)
 ParOldGen       total 44032K, used 770K [0x00000000a0000000, 0x00000000a2b00000, 0x00000000e0000000)
  object space 44032K, 1% used [0x00000000a0000000,0x00000000a00c0998,0x00000000a2b00000)
 Metaspace       used 7141K, capacity 7368K, committed 7680K, reserved 1056768K
  class space    used 871K, capacity 948K, committed 1024K, reserved 1048576K
Event: 1.679 GC heap after
Heap after GC invocations=3 (full 0):
 PSYoungGen      total 18944K, used 2528K [0x00000000e0000000, 0x00000000e2500000, 0x0000000100000000)
  eden space 16384K, 0% used [0x00000000e0000000,0x00000000e0000000,0x00000000e1000000)
  from space 2560K, 98% used [0x00000000e1000000,0x00000000e1278040,0x00000000e1280000)
  to   space 2560K, 0% used [0x00000000e2280000,0x00000000e2280000,0x00000000e2500000)
 ParOldGen       total 44032K, used 1083K [0x00000000a0000000, 0x00000000a2b00000, 0x00000000e0000000)
  object space 44032K, 2% used [0x00000000a0000000,0x00000000a010ef88,0x00000000a2b00000)
 Metaspace       used 7141K, capacity 7368K, committed 7680K, reserved 1056768K
  class space    used 871K, capacity 948K, committed 1024K, reserved 1048576K
}
Event: 2.059 GC heap before
{Heap before GC invocations=4 (full 0):
 PSYoungGen      total 18944K, used 18912K [0x00000000e0000000, 0x00000000e2500000, 0x0000000100000000)
  eden space 16384K, 100% used [0x00000000e0000000,0x00000000e1000000,0x00000000e1000000)
  from space 2560K, 98% used [0x00000000e1000000,0x00000000e1278040,0x00000000e1280000)
  to   space 2560K, 0% used [0x00000000e2280000,0x00000000e2280000,0x00000000e2500000)
 ParOldGen       total 44032K, used 1083K [0x00000000a0000000, 0x00000000a2b00000, 0x00000000e0000000)
  object space 44032K, 2% used [0x00000000a0000000,0x00000000a010efa0,0x00000000a2b00000)
 Metaspace       used 8555K, capacity 8810K, committed 8960K, reserved 1056768K
  class space    used 1099K, capacity 1173K, committed 1280K, reserved 1048576K
Event: 2.063 GC heap after
Heap after GC invocations=4 (full 0):
 PSYoungGen      total 35328K, used 2544K [0x00000000e0000000, 0x00000000e2500000, 0x0000000100000000)
  eden space 32768K, 0% used [0x00000000e0000000,0x00000000e0000000,0x00000000e2000000)
  from space 2560K, 99% used [0x00000000e2280000,0x00000000e24fc030,0x00000000e2500000)
  to   space 2560K, 0% used [0x00000000e2000000,0x00000000e2000000,0x00000000e2280000)
 ParOldGen       total 44032K, used 2300K [0x00000000a0000000, 0x00000000a2b00000, 0x00000000e0000000)
  object space 44032K, 5% used [0x00000000a0000000,0x00000000a023f280,0x00000000a2b00000)
 Metaspace       used 8555K, capacity 8810K, committed 8960K, reserved 1056768K
  class space    used 1099K, capacity 1173K, committed 1280K, reserved 1048576K
}
Event: 3.784 GC heap before
{Heap before GC invocations=5 (full 0):
 PSYoungGen      total 35328K, used 35312K [0x00000000e0000000, 0x00000000e2500000, 0x0000000100000000)
  eden space 32768K, 100% used [0x00000000e0000000,0x00000000e2000000,0x00000000e2000000)
  from space 2560K, 99% used [0x00000000e2280000,0x00000000e24fc030,0x00000000e2500000)
  to   space 2560K, 0% used [0x00000000e2000000,0x00000000e2000000,0x00000000e2280000)
 ParOldGen       total 44032K, used 2308K [0x00000000a0000000, 0x00000000a2b00000, 0x00000000e0000000)
  object space 44032K, 5% used [0x00000000a0000000,0x00000000a02413e0,0x00000000a2b00000)
 Metaspace       used 13125K, capacity 13508K, committed 13824K, reserved 1060864K
  class space    used 1813K, capacity 1956K, committed 2048K, reserved 1048576K
Event: 3.793 GC heap after
Heap after GC invocations=5 (full 0):
 PSYoungGen      total 34304K, used 2560K [0x00000000e0000000, 0x00000000e2b00000, 0x0000000100000000)
  eden space 31744K, 0% used [0x00000000e0000000,0x00000000e0000000,0x00000000e1f00000)
  from space 2560K, 100% used [0x00000000e2000000,0x00000000e2280000,0x00000000e2280000)
  to   space 6144K, 0% used [0x00000000e2500000,0x00000000e2500000,0x00000000e2b00000)
 ParOldGen       total 44032K, used 6222K [0x00000000a0000000, 0x00000000a2b00000, 0x00000000e0000000)
  object space 44032K, 14% used [0x00000000a0000000,0x00000000a06139d0,0x00000000a2b00000)
 Metaspace       used 13125K, capacity 13508K, committed 13824K, reserved 1060864K
  class space    used 1813K, capacity 1956K, committed 2048K, reserved 1048576K
}

Deoptimization events (10 events):
Event: 3.414 Thread 0x000000001b178800 Uncommon trap: reason=unstable_if action=reinterpret pc=0x0000000003526f44 method=java.util.concurrent.ConcurrentHashMap.putVal(Ljava/lang/Object;Ljava/lang/Object;Z)Ljava/lang/Object; @ 206
Event: 3.513 Thread 0x000000001b4f7000 Uncommon trap: reason=bimorphic action=maybe_recompile pc=0x00000000033fc4d0 method=java.util.HashMap.putVal(ILjava/lang/Object;Ljava/lang/Object;ZZ)Ljava/lang/Object; @ 253
Event: 3.513 Thread 0x000000001b4f7000 Uncommon trap: reason=bimorphic action=maybe_recompile pc=0x00000000033fc4d0 method=java.util.HashMap.putVal(ILjava/lang/Object;Ljava/lang/Object;ZZ)Ljava/lang/Object; @ 253
Event: 3.513 Thread 0x000000001b4f7000 Uncommon trap: reason=bimorphic action=maybe_recompile pc=0x00000000033fc4d0 method=java.util.HashMap.putVal(ILjava/lang/Object;Ljava/lang/Object;ZZ)Ljava/lang/Object; @ 253
Event: 3.513 Thread 0x000000001b4f7000 Uncommon trap: reason=bimorphic action=maybe_recompile pc=0x00000000033fc4d0 method=java.util.HashMap.putVal(ILjava/lang/Object;Ljava/lang/Object;ZZ)Ljava/lang/Object; @ 253
Event: 3.813 Thread 0x000000001b4f7000 Uncommon trap: reason=class_check action=maybe_recompile pc=0x000000000344aa98 method=java.util.regex.Matcher.match(II)Z @ 86
Event: 3.825 Thread 0x000000001b4f7000 Uncommon trap: reason=class_check action=maybe_recompile pc=0x000000000344aa98 method=java.util.regex.Matcher.match(II)Z @ 86
Event: 3.826 Thread 0x000000001b4f7000 Uncommon trap: reason=class_check action=maybe_recompile pc=0x000000000344aa98 method=java.util.regex.Matcher.match(II)Z @ 86
Event: 3.826 Thread 0x000000001b4f7000 Uncommon trap: reason=class_check action=maybe_recompile pc=0x000000000341135c method=java.util.regex.Matcher.match(II)Z @ 86
Event: 4.319 Thread 0x000000001b4f7000 Uncommon trap: reason=unstable_if action=reinterpret pc=0x0000000003521d74 method=java.lang.String.lastIndexOf([CII[CIII)I @ 66

Classes redefined (0 events):
No events

Internal exceptions (10 events):
Event: 2.143 Thread 0x0000000002f4d800 Exception <a 'java/lang/NoSuchFieldError': method resolution failed> (0x00000000e0242870) thrown at [D:\src\AOSP-openjdk-cygwin\jdk8u\hotspot\src\share\vm\prims\methodHandles.cpp, line 1167]
Event: 2.144 Thread 0x0000000002f4d800 Exception <a 'java/lang/NoSuchFieldError': method resolution failed> (0x00000000e02505b0) thrown at [D:\src\AOSP-openjdk-cygwin\jdk8u\hotspot\src\share\vm\prims\methodHandles.cpp, line 1167]
Event: 3.246 Thread 0x0000000002f4d800 Exception <a 'java/io/IOException'> (0x00000000e09afcc8) thrown at [D:\src\AOSP-openjdk-cygwin\jdk8u\hotspot\src\share\vm\prims\jni.cpp, line 710]
Event: 3.415 Thread 0x000000001b178800 Exception <a 'java/lang/NoSuchMethodError': <clinit>> (0x00000000e0ba7808) thrown at [D:\src\AOSP-openjdk-cygwin\jdk8u\hotspot\src\share\vm\prims\jni.cpp, line 1614]
Event: 3.417 Thread 0x000000001b178800 Exception <a 'java/lang/NoSuchMethodError': <clinit>> (0x00000000e0bb15b8) thrown at [D:\src\AOSP-openjdk-cygwin\jdk8u\hotspot\src\share\vm\prims\jni.cpp, line 1614]
Event: 3.419 Thread 0x000000001b178800 Exception <a 'java/lang/NoSuchMethodError': <clinit>> (0x00000000e0bc5a48) thrown at [D:\src\AOSP-openjdk-cygwin\jdk8u\hotspot\src\share\vm\prims\jni.cpp, line 1614]
Event: 3.430 Thread 0x000000001b178800 Exception <a 'java/lang/NoSuchMethodError': <clinit>> (0x00000000e0c20b80) thrown at [D:\src\AOSP-openjdk-cygwin\jdk8u\hotspot\src\share\vm\prims\jni.cpp, line 1614]
Event: 3.453 Thread 0x000000001b178800 Exception <a 'java/lang/NoSuchMethodError': <clinit>> (0x00000000e0c58708) thrown at [D:\src\AOSP-openjdk-cygwin\jdk8u\hotspot\src\share\vm\prims\jni.cpp, line 1614]
Event: 3.460 Thread 0x000000001b178800 Exception <a 'java/lang/NoSuchMethodError': <clinit>> (0x00000000e0c8e950) thrown at [D:\src\AOSP-openjdk-cygwin\jdk8u\hotspot\src\share\vm\prims\jni.cpp, line 1614]
Event: 3.461 Thread 0x000000001b178800 Exception <a 'java/lang/NoSuchMethodError': <clinit>> (0x00000000e0c9a3c8) thrown at [D:\src\AOSP-openjdk-cygwin\jdk8u\hotspot\src\share\vm\prims\jni.cpp, line 1614]

Events (10 events):
Event: 4.392 loading class org/gradle/api/initialization/dsl/ScriptHandler
Event: 4.392 loading class org/gradle/api/initialization/dsl/ScriptHandler done
Event: 4.392 loading class org/gradle/api/internal/artifacts/DefaultDependencyManagementServices
Event: 4.392 loading class org/gradle/api/internal/artifacts/DefaultDependencyManagementServices done
Event: 4.393 loading class org/gradle/internal/service/scopes/BuildScopeServices$DependencyMetaDataProviderImpl
Event: 4.393 loading class org/gradle/internal/service/scopes/BuildScopeServices$DependencyMetaDataProviderImpl done
Event: 4.393 loading class org/gradle/api/internal/artifacts/Module
Event: 4.393 loading class org/gradle/api/internal/artifacts/Module done
Event: 4.394 loading class org/gradle/composite/internal/DefaultIncludedBuildControllers
Event: 4.394 loading class org/gradle/composite/internal/DefaultIncludedBuildControllers done


Dynamic libraries:
0x00007ff72e850000 - 0x00007ff72e881000 	D:\android studio\jre\bin\java.exe
0x00007ff9b3da0000 - 0x00007ff9b3f90000 	C:\windows\SYSTEM32\ntdll.dll
0x00007ff9b3850000 - 0x00007ff9b3902000 	C:\windows\System32\KERNEL32.DLL
0x00007ff9b1720000 - 0x00007ff9b19c3000 	C:\windows\System32\KERNELBASE.dll
0x00007ff9b2330000 - 0x00007ff9b23d3000 	C:\windows\System32\ADVAPI32.dll
0x00007ff9b36f0000 - 0x00007ff9b378e000 	C:\windows\System32\msvcrt.dll
0x00007ff9b30b0000 - 0x00007ff9b3147000 	C:\windows\System32\sechost.dll
0x00007ff9b23e0000 - 0x00007ff9b2500000 	C:\windows\System32\RPCRT4.dll
0x00007ff9b1e50000 - 0x00007ff9b1fe4000 	C:\windows\System32\USER32.dll
0x00007ff9b1a00000 - 0x00007ff9b1a21000 	C:\windows\System32\win32u.dll
0x00007ff9b3cb0000 - 0x00007ff9b3cd6000 	C:\windows\System32\GDI32.dll
0x00007ff9b1ab0000 - 0x00007ff9b1c44000 	C:\windows\System32\gdi32full.dll
0x00007ff9b0ee0000 - 0x00007ff9b0f7e000 	C:\windows\System32\msvcp_win.dll
0x00007ff9b0de0000 - 0x00007ff9b0eda000 	C:\windows\System32\ucrtbase.dll
0x00007ff998000000 - 0x00007ff998285000 	C:\windows\WinSxS\amd64_microsoft.windows.common-controls_6595b64144ccf1df_6.0.18362.693_none_e6c1b3c11311d480\COMCTL32.dll
0x00007ff9b1ff0000 - 0x00007ff9b2326000 	C:\windows\System32\combase.dll
0x00007ff9b1a30000 - 0x00007ff9b1ab0000 	C:\windows\System32\bcryptPrimitives.dll
0x00007ff9b3990000 - 0x00007ff9b39be000 	C:\windows\System32\IMM32.DLL
0x0000000059540000 - 0x0000000059612000 	D:\android studio\jre\jre\bin\msvcr100.dll
0x0000000059700000 - 0x0000000059f46000 	D:\android studio\jre\jre\bin\server\jvm.dll
0x00007ff9b2500000 - 0x00007ff9b2508000 	C:\windows\System32\PSAPI.DLL
0x00007ff9aab60000 - 0x00007ff9aab6a000 	C:\windows\SYSTEM32\VERSION.dll
0x00007ff9ae830000 - 0x00007ff9ae854000 	C:\windows\SYSTEM32\WINMM.dll
0x00007ff9ad3c0000 - 0x00007ff9ad3c9000 	C:\windows\SYSTEM32\WSOCK32.dll
0x00007ff9b3040000 - 0x00007ff9b30af000 	C:\windows\System32\WS2_32.dll
0x00007ff9ae2b0000 - 0x00007ff9ae2dd000 	C:\windows\SYSTEM32\WINMMBASE.dll
0x00007ff9b0d90000 - 0x00007ff9b0dda000 	C:\windows\System32\cfgmgr32.dll
0x00007ff9ad3b0000 - 0x00007ff9ad3bf000 	D:\android studio\jre\jre\bin\verify.dll
0x00007ff9abec0000 - 0x00007ff9abee9000 	D:\android studio\jre\jre\bin\java.dll
0x00007ff9abea0000 - 0x00007ff9abeb6000 	D:\android studio\jre\jre\bin\zip.dll
0x00007ff9b27f0000 - 0x00007ff9b2ed6000 	C:\windows\System32\SHELL32.dll
0x00007ff9b3640000 - 0x00007ff9b36e9000 	C:\windows\System32\shcore.dll
0x00007ff9b0fa0000 - 0x00007ff9b1720000 	C:\windows\System32\windows.storage.dll
0x00007ff9b0d00000 - 0x00007ff9b0d29000 	C:\windows\System32\Wldp.dll
0x00007ff9b1d00000 - 0x00007ff9b1e49000 	C:\windows\System32\CRYPT32.dll
0x00007ff9b0ce0000 - 0x00007ff9b0cf2000 	C:\windows\System32\MSASN1.dll
0x00007ff9b0d30000 - 0x00007ff9b0d8c000 	C:\windows\System32\WINTRUST.dll
0x00007ff9b0cb0000 - 0x00007ff9b0cd3000 	C:\windows\System32\profapi.dll
0x00007ff9b0c60000 - 0x00007ff9b0caa000 	C:\windows\System32\powrprof.dll
0x00007ff9b0c30000 - 0x00007ff9b0c40000 	C:\windows\System32\UMPDC.dll
0x00007ff9b3c50000 - 0x00007ff9b3ca2000 	C:\windows\System32\shlwapi.dll
0x00007ff9b0c40000 - 0x00007ff9b0c51000 	C:\windows\System32\kernel.appcore.dll
0x00007ff9b0f80000 - 0x00007ff9b0f97000 	C:\windows\System32\cryptsp.dll
0x00007ff9abe80000 - 0x00007ff9abe9a000 	D:\android studio\jre\jre\bin\net.dll
0x00007ff9b0470000 - 0x00007ff9b04d7000 	C:\windows\system32\mswsock.dll
0x00007ff9abce0000 - 0x00007ff9abcf1000 	D:\android studio\jre\jre\bin\nio.dll
0x00007ff998bb0000 - 0x00007ff998bd6000 	C:\Users\Adithya Sai\.gradle\native\29\windows-amd64\native-platform.dll
0x00007ff9ad3a0000 - 0x00007ff9ad3ad000 	D:\android studio\jre\jre\bin\management.dll
0x00007ff9affe0000 - 0x00007ff9b0013000 	C:\windows\system32\rsaenh.dll
0x00007ff9b19d0000 - 0x00007ff9b19f6000 	C:\windows\System32\bcrypt.dll
0x00007ff9b0b50000 - 0x00007ff9b0b75000 	C:\windows\SYSTEM32\USERENV.dll
0x00007ff9b0640000 - 0x00007ff9b064c000 	C:\windows\SYSTEM32\CRYPTBASE.dll
0x00007ff9b0180000 - 0x00007ff9b01ba000 	C:\windows\SYSTEM32\IPHLPAPI.DLL
0x00007ff9b3840000 - 0x00007ff9b3848000 	C:\windows\System32\NSI.dll
0x00007ff9a7560000 - 0x00007ff9a7576000 	C:\windows\SYSTEM32\dhcpcsvc6.DLL
0x00007ff9a77d0000 - 0x00007ff9a77ec000 	C:\windows\SYSTEM32\dhcpcsvc.DLL
0x00007ff9b01c0000 - 0x00007ff9b028a000 	C:\windows\SYSTEM32\DNSAPI.dll

VM Arguments:
jvm_args: -Xmx1536m -Dfile.encoding=windows-1252 -Duser.country=IN -Duser.language=en -Duser.variant 
java_command: org.gradle.launcher.daemon.bootstrap.GradleDaemon 5.4.1
java_class_path (initial): C:\Users\Adithya Sai\.gradle\wrapper\dists\gradle-5.4.1-all\3221gyojl5jsh0helicew7rwx\gradle-5.4.1\lib\gradle-launcher-5.4.1.jar
Launcher Type: SUN_STANDARD

Environment Variables:
JAVA_HOME=C:\Program Files\Java\jdk-13
PATH=C:\Program Files (x86)\Python38-32\Scripts\;C:\Program Files (x86)\Python38-32\;C:\windows\system32;C:\windows;C:\windows\System32\Wbem;C:\windows\System32\WindowsPowerShell\v1.0\;C:\windows\System32\OpenSSH\;C:\Program Files\Java\jdk-13\bin;C:\Users\Adithya Sai\AppData\Local\Android\Sdk\platform-tools;D:\java\bin;D:\git\Git\cmd;C:\Users\Adithya Sai\AppData\Local\Microsoft\WindowsApps;
USERNAME=Adithya Sai
OS=Windows_NT
PROCESSOR_IDENTIFIER=Intel64 Family 6 Model 142 Stepping 12, GenuineIntel



---------------  S Y S T E M  ---------------

OS: Windows 10.0 , 64 bit Build 18362 (10.0.18362.329)

CPU:total 8 (initial active 8) (4 cores per cpu, 2 threads per core) family 6 model 142 stepping 12, cmov, cx8, fxsr, mmx, sse, sse2, sse3, ssse3, sse4.1, sse4.2, popcnt, avx, avx2, aes, clmul, erms, 3dnowpref, lzcnt, ht, tsc, tscinvbit, bmi1, bmi2, adx

Memory: 4k page, physical 4077876k(202960k free), swap 16660788k(932k free)

vm_info: OpenJDK 64-Bit Server VM (25.202-b03) for windows-amd64 JRE (1.8.0_202-release-1483-b03), built by "builder" with MS VC++ 10.0 (VS2010)

time: Tue Mar 17 13:58:07 2020
timezone: India Standard Time
elapsed time: 4 seconds (0d 0h 0m 4s)

